snps in file 34475 pops 8
YRI:0.067 CHB:0.045 CHD:0.254 TSI:0.025 MKK:0.237 LWK:0.216 CEU:0.017 JPT:0.139  initial sol 28166.901580
RUNNING THE L-BFGS-B CODE

	* * *

Machine precision = 2.220446e-16
 N = 8, M = 20
ITERATION 0
0.067 0.045 0.254 0.025 0.237 0.216 0.017 0.139 likelihood = 28166.90158021 iter 0
At iteration 0 f=28166.901580	|proj g| = 7.903985e+03
0.067 0.045 0.254 0.721 0.262 0.216 0.735 0.140 likelihood = 25548.52334276 iter 1
0.008 0.000 0.200 0.757 0.217 0.157 0.772 0.091 likelihood = 25365.07011621 iter 2
0.000 0.000 0.000 0.821 0.065 0.000 0.831 0.000 likelihood = 25344.89154122 iter 3
0.006 0.000 0.134 0.778 0.167 0.105 0.791 0.061 likelihood = 25283.60148846 iter 4
delta is negative -16.385152 	0.000 0.000 0.005 0.807 0.088 0.025 0.813 0.000 likelihood = 25299.98663999 iter 5
0.003 0.000 0.073 0.792 0.130 0.067 0.801 0.032 likelihood = 25253.29495210 iter 6
0.011 0.000 0.058 0.795 0.125 0.063 0.803 0.030 likelihood = 25252.48894846 iter 7
0.021 0.002 0.048 0.798 0.122 0.060 0.802 0.034 likelihood = 25251.91136926 iter 8
0.057 0.012 0.006 0.812 0.105 0.041 0.800 0.060 likelihood = 25250.27886972 iter 9
0.078 0.017 0.000 0.827 0.099 0.016 0.791 0.097 likelihood = 25249.94407107 iter 10
0.071 0.013 0.000 0.823 0.102 0.024 0.793 0.085 likelihood = 25249.34786200 iter 11
0.069 0.009 0.000 0.823 0.104 0.024 0.792 0.086 likelihood = 25249.22363690 iter 12
At iterate 10 f=2.524922e+04 |proj g| = 7.930279e+00
0.067 0.000 0.000 0.831 0.115 0.018 0.782 0.097 likelihood = 25248.87824709 iter 13
0.066 0.000 0.000 0.835 0.118 0.014 0.778 0.097 likelihood = 25248.81469444 iter 14
0.065 0.000 0.000 0.844 0.125 0.008 0.768 0.096 likelihood = 25248.73814259 iter 15
0.066 0.000 0.000 0.852 0.130 0.004 0.760 0.095 likelihood = 25248.69057118 iter 16
0.069 0.000 0.000 0.857 0.131 0.002 0.755 0.095 likelihood = 25248.66879648 iter 17
0.073 0.000 0.000 0.862 0.129 0.000 0.751 0.095 likelihood = 25248.65326684 iter 18
0.075 0.000 0.000 0.865 0.126 0.000 0.749 0.095 likelihood = 25248.64478188 iter 19
0.074 0.000 0.000 0.867 0.123 0.002 0.747 0.095 likelihood = 25248.63814177 iter 20
0.073 0.000 0.000 0.868 0.122 0.005 0.746 0.095 likelihood = 25248.63538946 iter 21
0.072 0.000 0.000 0.869 0.122 0.006 0.746 0.095 likelihood = 25248.63489522 iter 22
At iterate 20 f=2.524863e+04 |proj g| = 5.147216e-01
0.071 0.000 0.000 0.869 0.122 0.006 0.746 0.095 likelihood = 25248.63480980 iter 23
0.071 0.000 0.000 0.869 0.122 0.006 0.746 0.095 likelihood = 25248.63480898 iter 24
prevld 25248.634810 current 25248.634809 delta 0.000001 
derivative for 0: 0.071499 bounds:1 [0.000000-1.000000] -0.005694 25248.634809
derivative for 1: 0.000000 bounds:1 [0.000000-1.000000] 15.770506 25248.634809
derivative for 2: 0.000000 bounds:1 [0.000000-1.000000] 18.259719 25248.634809
derivative for 3: 0.868773 bounds:1 [0.000000-1.000000] 0.000253 25248.634809
derivative for 4: 0.122203 bounds:1 [0.000000-1.000000] -0.004045 25248.634809
derivative for 5: 0.006027 bounds:1 [0.000000-1.000000] -0.002653 25248.634809
derivative for 6: 0.745537 bounds:1 [0.000000-1.000000] 0.000792 25248.634809
derivative for 7: 0.095096 bounds:1 [0.000000-1.000000] 0.001123 25248.634809

RUNNING THE L-BFGS-B CODE

	* * *

Machine precision = 2.220446e-16
 N = 8, M = 20
ITERATION 3
0.000 0.000 0.000 0.869 0.122 0.006 0.746 0.095 likelihood = 25263.33664864 iter 0
At iteration 0 f=25263.336649	|proj g| = 4.065064e+02
0.000 0.000 0.000 0.867 0.700 0.801 0.744 0.278 likelihood = 26080.82478246 iter 1
0.000 0.000 0.000 0.869 0.186 0.093 0.745 0.115 likelihood = 25259.60329332 iter 2
0.000 0.000 0.000 0.870 0.161 0.060 0.747 0.106 likelihood = 25250.61073860 iter 3
0.000 0.000 0.000 0.870 0.152 0.050 0.747 0.101 likelihood = 25250.12360813 iter 4
0.000 0.000 0.000 0.870 0.153 0.053 0.747 0.100 likelihood = 25250.08527159 iter 5
0.000 0.000 0.000 0.870 0.153 0.055 0.747 0.098 likelihood = 25250.05813497 iter 6
0.000 0.000 0.000 0.870 0.151 0.057 0.748 0.096 likelihood = 25250.03240056 iter 7
0.000 0.000 0.000 0.870 0.148 0.059 0.748 0.095 likelihood = 25250.01470825 iter 8
0.000 0.000 0.000 0.870 0.142 0.063 0.749 0.094 likelihood = 25249.98216442 iter 9
0.000 0.000 0.000 0.870 0.135 0.069 0.750 0.095 likelihood = 25249.95409181 iter 10
0.000 0.000 0.000 0.870 0.133 0.070 0.750 0.096 likelihood = 25249.94882608 iter 11
At iterate 10 f=2.524995e+04 |proj g| = 1.209967e+00
0.000 0.000 0.000 0.870 0.134 0.069 0.750 0.097 likelihood = 25249.94858042 iter 12
0.000 0.000 0.000 0.870 0.134 0.069 0.750 0.097 likelihood = 25249.94857483 iter 13
prevld 25249.948580 current 25249.948575 delta 0.000006 
derivative for 0: 0.000000 bounds:2 [0.000000-0.000000] -36.693258 25249.948575
derivative for 1: 0.000000 bounds:2 [0.000000-0.000000] 15.276445 25249.948575
derivative for 2: 0.000000 bounds:2 [0.000000-0.000000] 17.155594 25249.948575
derivative for 3: 0.870306 bounds:1 [0.000000-1.000000] 0.026691 25249.948575
derivative for 4: 0.133613 bounds:1 [0.000000-1.000000] -0.015695 25249.948575
derivative for 5: 0.069381 bounds:1 [0.000000-1.000000] -0.009323 25249.948575
derivative for 6: 0.750325 bounds:1 [0.000000-1.000000] -0.027521 25249.948575
derivative for 7: 0.096795 bounds:1 [0.000000-1.000000] 0.001693 25249.948575

maxval -25249.948575 for POP YRI delta 1.313766 YRI:0.0000 CHB:0.0000 CHD:0.0000 TSI:0.4532 MKK:0.0696 LWK:0.0361 CEU:0.3907 JPT:0.0504 
RUNNING THE L-BFGS-B CODE

	* * *

Machine precision = 2.220446e-16
 N = 8, M = 20
ITERATION 3
0.071 0.000 0.000 0.000 0.070 0.036 0.391 0.050 likelihood = 25588.39126829 iter 0
At iteration 0 f=25588.391268	|proj g| = 1.335705e+03
0.071 0.000 0.000 0.000 0.070 0.036 1.391 0.050 likelihood = 25362.14634683 iter 1
0.075 0.000 0.000 0.000 0.077 0.040 1.402 0.060 likelihood = 25357.46311737 iter 2
0.078 0.000 0.000 0.000 0.091 0.045 1.403 0.082 likelihood = 25352.90990879 iter 3
0.075 0.000 0.000 0.000 0.099 0.043 1.391 0.092 likelihood = 25352.00745860 iter 4
0.068 0.000 0.000 0.000 0.109 0.038 1.368 0.102 likelihood = 25351.16747248 iter 5
0.055 0.000 0.000 0.000 0.125 0.028 1.338 0.108 likelihood = 25350.20352114 iter 6
0.038 0.000 0.000 0.000 0.155 0.015 1.306 0.106 likelihood = 25348.93786119 iter 7
0.027 0.000 0.000 0.000 0.190 0.005 1.300 0.096 likelihood = 25348.05538715 iter 8
0.028 0.000 0.000 0.000 0.188 0.004 1.306 0.091 likelihood = 25347.94945344 iter 9
0.030 0.000 0.000 0.000 0.187 0.004 1.308 0.090 likelihood = 25347.94332527 iter 10
At iterate 10 f=2.534794e+04 |proj g| = 5.088963e+00
0.031 0.000 0.000 0.000 0.187 0.004 1.309 0.090 likelihood = 25347.93690992 iter 11
0.036 0.000 0.000 0.000 0.187 0.000 1.310 0.090 likelihood = 25347.92742978 iter 12
0.035 0.000 0.000 0.000 0.186 0.000 1.308 0.090 likelihood = 25347.91739365 iter 13
0.035 0.000 0.000 0.000 0.186 0.000 1.307 0.090 likelihood = 25347.91598027 iter 14
0.034 0.000 0.000 0.000 0.186 0.000 1.307 0.091 likelihood = 25347.91591693 iter 15
0.034 0.000 0.000 0.000 0.186 0.000 1.307 0.091 likelihood = 25347.91591587 iter 16
prevld 25347.915917 current 25347.915916 delta 0.000001 
derivative for 0: 0.034448 bounds:1 [0.000000-1.000000] -0.005449 25347.915916
derivative for 1: 0.000000 bounds:2 [0.000000-0.000000] 17.876508 25347.915916
derivative for 2: 0.000000 bounds:2 [0.000000-0.000000] 19.738820 25347.915916
derivative for 3: 0.000000 bounds:2 [0.000000-0.000000] -272.868094 25347.915916
derivative for 4: 0.186209 bounds:1 [0.000000-1.000000] -0.004160 25347.915916
derivative for 5: 0.000000 bounds:1 [0.000000-1.000000] 4.255413 25347.915916
derivative for 6: 1.307198 bounds:1 [0.000000-1.000000] 0.000711 25347.915916
derivative for 7: 0.090517 bounds:1 [0.000000-1.000000] 0.000365 25347.915916

maxval -25347.915916 for POP TSI delta 99.281107 YRI:0.0213 CHB:0.0000 CHD:0.0000 TSI:0.0000 MKK:0.1151 LWK:0.0000 CEU:0.8077 JPT:0.0559 
RUNNING THE L-BFGS-B CODE

	* * *

Machine precision = 2.220446e-16
 N = 8, M = 20
ITERATION 4
0.021 0.000 0.000 0.869 0.000 0.000 0.808 0.056 likelihood = 25341.19948723 iter 0
At iteration 0 f=25341.199487	|proj g| = 1.320887e+03
0.709 0.000 0.000 0.868 0.000 0.667 0.807 0.341 likelihood = 26176.51449957 iter 1
0.171 0.000 0.000 0.869 0.000 0.145 0.808 0.118 likelihood = 25290.87833033 iter 2
0.132 0.000 0.000 0.873 0.000 0.108 0.811 0.106 likelihood = 25261.95483852 iter 3
0.086 0.000 0.000 0.875 0.000 0.064 0.811 0.092 likelihood = 25254.82081760 iter 4
0.101 0.000 0.000 0.875 0.000 0.079 0.811 0.098 likelihood = 25253.11623070 iter 5
0.099 0.000 0.000 0.875 0.000 0.077 0.810 0.098 likelihood = 25253.05242842 iter 6
0.098 0.000 0.000 0.876 0.000 0.076 0.809 0.099 likelihood = 25253.03768171 iter 7
0.097 0.000 0.000 0.878 0.000 0.076 0.807 0.101 likelihood = 25253.00690803 iter 8
0.096 0.000 0.000 0.882 0.000 0.076 0.803 0.103 likelihood = 25252.97830435 iter 9
0.094 0.000 0.000 0.890 0.000 0.078 0.794 0.105 likelihood = 25252.92020674 iter 10
0.091 0.000 0.000 0.904 0.000 0.081 0.779 0.106 likelihood = 25252.83662977 iter 11
At iterate 10 f=2.525284e+04 |proj g| = 4.390718e+00
0.088 0.000 0.000 0.919 0.000 0.082 0.763 0.102 likelihood = 25252.78275525 iter 12
0.090 0.000 0.000 0.919 0.000 0.083 0.763 0.102 likelihood = 25252.75794292 iter 13
0.090 0.000 0.000 0.919 0.000 0.083 0.763 0.101 likelihood = 25252.75533147 iter 14
0.091 0.000 0.000 0.919 0.000 0.083 0.764 0.101 likelihood = 25252.75516453 iter 15
0.091 0.000 0.000 0.919 0.000 0.083 0.764 0.101 likelihood = 25252.75478347 iter 16
0.092 0.000 0.000 0.919 0.000 0.082 0.764 0.100 likelihood = 25252.75415909 iter 17
0.093 0.000 0.000 0.919 0.000 0.081 0.763 0.101 likelihood = 25252.75350249 iter 18
0.093 0.000 0.000 0.920 0.000 0.080 0.763 0.101 likelihood = 25252.75333499 iter 19
0.093 0.000 0.000 0.920 0.000 0.080 0.763 0.101 likelihood = 25252.75332867 iter 20
prevld 25252.753335 current 25252.753329 delta 0.000006 
derivative for 0: 0.093211 bounds:1 [0.000000-1.000000] 0.005522 25252.753329
derivative for 1: 0.000000 bounds:2 [0.000000-0.000000] 14.666446 25252.753329
derivative for 2: 0.000000 bounds:2 [0.000000-0.000000] 17.436078 25252.753329
derivative for 3: 0.919618 bounds:1 [0.000000-1.000000] 0.000582 25252.753329
derivative for 4: 0.000000 bounds:2 [0.000000-0.000000] -66.008167 25252.753329
derivative for 5: 0.080182 bounds:1 [0.000000-1.000000] -0.004958 25252.753329
derivative for 6: 0.762679 bounds:1 [0.000000-1.000000] 0.001039 25252.753329
derivative for 7: 0.100838 bounds:1 [0.000000-1.000000] -0.014330 25252.753329

maxval -25252.753329 for POP MKK delta 4.118520 YRI:0.0476 CHB:0.0000 CHD:0.0000 TSI:0.4700 MKK:0.0000 LWK:0.0410 CEU:0.3898 JPT:0.0515 
RUNNING THE L-BFGS-B CODE

	* * *

Machine precision = 2.220446e-16
 N = 8, M = 20
ITERATION 3
0.048 0.000 0.000 0.470 0.122 0.000 0.390 0.052 likelihood = 25266.63928257 iter 0
At iteration 0 f=25266.639283	|proj g| = 1.239950e+02
0.047 0.000 0.000 1.105 0.121 0.000 1.162 0.051 likelihood = 25277.36703950 iter 1
0.048 0.000 0.000 0.683 0.122 0.000 0.648 0.051 likelihood = 25251.12514947 iter 2
0.048 0.000 0.000 0.667 0.121 0.000 0.629 0.057 likelihood = 25250.04352736 iter 3
0.047 0.000 0.000 0.634 0.117 0.000 0.587 0.071 likelihood = 25249.11032366 iter 4
0.046 0.000 0.000 0.640 0.116 0.000 0.595 0.071 likelihood = 25249.01128598 iter 5
0.046 0.000 0.000 0.647 0.113 0.000 0.601 0.074 likelihood = 25248.92370052 iter 6
0.047 0.000 0.000 0.649 0.111 0.000 0.602 0.074 likelihood = 25248.89850514 iter 7
0.052 0.000 0.000 0.656 0.104 0.000 0.604 0.076 likelihood = 25248.80543726 iter 8
0.058 0.000 0.000 0.660 0.097 0.000 0.599 0.075 likelihood = 25248.72427669 iter 9
0.060 0.000 0.000 0.653 0.093 0.000 0.581 0.073 likelihood = 25248.67676491 iter 10
0.059 0.000 0.000 0.645 0.091 0.000 0.562 0.071 likelihood = 25248.65597884 iter 11
At iterate 10 f=2.524866e+04 |proj g| = 1.810197e+00
0.057 0.000 0.000 0.638 0.091 0.000 0.551 0.070 likelihood = 25248.64671007 iter 12
0.055 0.000 0.000 0.633 0.091 0.000 0.542 0.069 likelihood = 25248.64180114 iter 13
0.055 0.000 0.000 0.634 0.091 0.000 0.544 0.069 likelihood = 25248.64161448 iter 14
0.055 0.000 0.000 0.634 0.091 0.000 0.544 0.069 likelihood = 25248.64161350 iter 15
prevld 25248.641614 current 25248.641614 delta 0.000001 
derivative for 0: 0.055001 bounds:1 [0.000000-1.000000] 0.004937 25248.641614
derivative for 1: 0.000000 bounds:2 [0.000000-0.000000] 21.557516 25248.641614
derivative for 2: 0.000000 bounds:2 [0.000000-0.000000] 24.996539 25248.641614
derivative for 3: 0.633718 bounds:1 [0.000000-1.000000] -0.000068 25248.641614
derivative for 4: 0.090894 bounds:1 [0.000000-1.000000] 0.007333 25248.641614
derivative for 5: 0.000000 bounds:2 [0.000000-0.000000] -3.093778 25248.641614
derivative for 6: 0.543922 bounds:1 [0.000000-1.000000] -0.000839 25248.641614
derivative for 7: 0.069412 bounds:1 [0.000000-1.000000] -0.006322 25248.641614

maxval -25248.641614 for POP LWK delta 0.006805 YRI:0.0395 CHB:0.0000 CHD:0.0000 TSI:0.4549 MKK:0.0653 LWK:0.0000 CEU:0.3905 JPT:0.0498 
RUNNING THE L-BFGS-B CODE

	* * *

Machine precision = 2.220446e-16
 N = 8, M = 20
ITERATION 3
0.039 0.000 0.000 0.455 0.065 0.006 0.000 0.050 likelihood = 25379.23803326 iter 0
At iteration 0 f=25379.238033	|proj g| = 4.227031e+02
0.039 0.000 0.000 1.455 0.065 0.006 0.000 0.050 likelihood = 25358.22764160 iter 1
0.048 0.000 0.000 1.467 0.072 0.014 0.000 0.059 likelihood = 25344.88466067 iter 2
0.061 0.000 0.000 1.386 0.083 0.026 0.000 0.083 likelihood = 25330.70277509 iter 3
0.062 0.000 0.000 1.331 0.084 0.027 0.000 0.093 likelihood = 25329.52711503 iter 4
0.060 0.000 0.000 1.313 0.084 0.025 0.000 0.097 likelihood = 25329.21876556 iter 5
0.056 0.000 0.000 1.296 0.083 0.021 0.000 0.103 likelihood = 25329.00217909 iter 6
0.056 0.000 0.000 1.297 0.084 0.020 0.000 0.102 likelihood = 25328.99138980 iter 7
0.055 0.000 0.000 1.291 0.089 0.016 0.000 0.100 likelihood = 25328.94223962 iter 8
0.054 0.000 0.000 1.280 0.094 0.013 0.000 0.099 likelihood = 25328.91550498 iter 9
0.055 0.000 0.000 1.267 0.096 0.009 0.000 0.099 likelihood = 25328.89981613 iter 10
At iterate 10 f=2.532890e+04 |proj g| = 1.551540e+00
0.055 0.000 0.000 1.265 0.096 0.009 0.000 0.099 likelihood = 25328.89875425 iter 11
0.056 0.000 0.000 1.263 0.096 0.008 0.000 0.099 likelihood = 25328.89773961 iter 12
0.057 0.000 0.000 1.263 0.096 0.007 0.000 0.099 likelihood = 25328.89668445 iter 13
0.058 0.000 0.000 1.263 0.096 0.006 0.000 0.099 likelihood = 25328.89643575 iter 14
0.058 0.000 0.000 1.264 0.096 0.007 0.000 0.099 likelihood = 25328.89642576 iter 15
prevld 25328.896436 current 25328.896426 delta 0.000010 
derivative for 0: 0.057536 bounds:1 [0.000000-1.000000] 0.027614 25328.896426
derivative for 1: 0.000000 bounds:2 [0.000000-0.000000] -1.028906 25328.896426
derivative for 2: 0.000000 bounds:2 [0.000000-0.000000] 8.256018 25328.896426
derivative for 3: 1.263756 bounds:1 [0.000000-1.000000] -0.003690 25328.896426
derivative for 4: 0.095711 bounds:1 [0.000000-1.000000] 0.011450 25328.896426
derivative for 5: 0.006537 bounds:1 [0.000000-1.000000] 0.011754 25328.896426
derivative for 6: 0.000000 bounds:2 [0.000000-0.000000] -284.773971 25328.896426
derivative for 7: 0.098976 bounds:1 [0.000000-1.000000] 0.019211 25328.896426

maxval -25328.896426 for POP CEU delta 80.261617 YRI:0.0378 CHB:0.0000 CHD:0.0000 TSI:0.8300 MKK:0.0629 LWK:0.0043 CEU:0.0000 JPT:0.0650 
RUNNING THE L-BFGS-B CODE

	* * *

Machine precision = 2.220446e-16
 N = 8, M = 20
ITERATION 3
0.038 0.000 0.000 0.830 0.063 0.004 0.746 0.000 likelihood = 25300.66961933 iter 0
At iteration 0 f=25300.669619	|proj g| = 7.392049e+02
0.668 0.000 0.000 0.829 0.549 0.609 0.745 0.000 likelihood = 26522.48185426 iter 1
0.126 0.000 0.000 0.830 0.131 0.089 0.745 0.000 likelihood = 25299.54906548 iter 2
0.091 0.000 0.000 0.833 0.106 0.056 0.748 0.000 likelihood = 25270.83893569 iter 3
0.072 0.000 0.000 0.833 0.093 0.036 0.748 0.000 likelihood = 25268.15497539 iter 4
0.077 0.000 0.000 0.833 0.098 0.041 0.748 0.000 likelihood = 25267.70425963 iter 5
0.077 0.000 0.000 0.833 0.099 0.040 0.748 0.000 likelihood = 25267.68268743 iter 6
0.074 0.000 0.000 0.833 0.105 0.035 0.747 0.000 likelihood = 25267.58657653 iter 7
0.072 0.000 0.000 0.833 0.114 0.029 0.746 0.000 likelihood = 25267.48529346 iter 8
0.071 0.000 0.000 0.833 0.127 0.022 0.745 0.000 likelihood = 25267.39289484 iter 9
0.073 0.000 0.000 0.833 0.130 0.020 0.745 0.000 likelihood = 25267.37452550 iter 10
0.074 0.000 0.000 0.833 0.130 0.019 0.745 0.000 likelihood = 25267.37147683 iter 11
At iterate 10 f=2.526737e+04 |proj g| = 3.807381e-01
0.075 0.000 0.000 0.833 0.130 0.019 0.745 0.000 likelihood = 25267.36928064 iter 12
0.077 0.000 0.000 0.832 0.130 0.017 0.745 0.000 likelihood = 25267.36452988 iter 13
0.079 0.000 0.000 0.832 0.130 0.014 0.745 0.000 likelihood = 25267.35971802 iter 14
0.080 0.000 0.000 0.832 0.130 0.013 0.745 0.000 likelihood = 25267.35822542 iter 15
0.080 0.000 0.000 0.832 0.130 0.013 0.745 0.000 likelihood = 25267.35813858 iter 16
0.080 0.000 0.000 0.832 0.130 0.013 0.745 0.000 likelihood = 25267.35813560 iter 17
prevld 25267.358139 current 25267.358136 delta 0.000003 
derivative for 0: 0.079947 bounds:1 [0.000000-1.000000] -0.002371 25267.358136
derivative for 1: 0.000000 bounds:2 [0.000000-0.000000] -392.898937 25267.358136
derivative for 2: 0.000000 bounds:2 [0.000000-0.000000] -388.008482 25267.358136
derivative for 3: 0.832267 bounds:1 [0.000000-1.000000] 0.034665 25267.358136
derivative for 4: 0.129615 bounds:1 [0.000000-1.000000] -0.009707 25267.358136
derivative for 5: 0.012938 bounds:1 [0.000000-1.000000] -0.009112 25267.358136
derivative for 6: 0.745338 bounds:1 [0.000000-1.000000] -0.036607 25267.358136
derivative for 7: 0.000000 bounds:2 [0.000000-0.000000] -460.963842 25267.358136

maxval -25267.358136 for POP JPT delta 18.723327 YRI:0.0444 CHB:0.0000 CHD:0.0000 TSI:0.4623 MKK:0.0720 LWK:0.0072 CEU:0.4141 JPT:0.0000 
contribution of ancestry from pop LWK is not significant: delta 0.006805 admixture_prop 0.006027 5
YRI:0.0395 CHB:0.0000 CHD:0.0000 TSI:0.4549 MKK:0.0653 LWK:0.0000 CEU:0.3905 JPT:0.0498 
RUNNING THE L-BFGS-B CODE

	* * *

Machine precision = 2.220446e-16
 N = 8, M = 20
ITERATION 4
0.000 0.000 0.000 0.462 0.072 0.000 0.414 0.095 likelihood = 25267.58374315 iter 0
At iteration 0 f=25267.583743	|proj g| = 3.878804e+02
0.000 0.000 0.000 0.503 1.071 0.000 0.413 0.095 likelihood = 26146.98153762 iter 1
0.000 0.000 0.000 0.466 0.155 0.000 0.414 0.095 likelihood = 25268.86043583 iter 2
0.000 0.000 0.000 0.464 0.109 0.000 0.414 0.095 likelihood = 25260.76967577 iter 3
0.000 0.000 0.000 0.465 0.111 0.000 0.415 0.085 likelihood = 25257.19341669 iter 4
0.000 0.000 0.000 0.469 0.116 0.000 0.418 0.050 likelihood = 25252.19842676 iter 5
0.000 0.000 0.000 0.469 0.117 0.000 0.417 0.055 likelihood = 25252.07107571 iter 6
0.000 0.000 0.000 0.469 0.117 0.000 0.417 0.055 likelihood = 25252.06898034 iter 7
0.000 0.000 0.000 0.469 0.117 0.000 0.417 0.055 likelihood = 25252.06871380 iter 8
0.000 0.000 0.000 0.470 0.117 0.000 0.416 0.054 likelihood = 25252.06605408 iter 9
0.000 0.000 0.000 0.471 0.117 0.000 0.415 0.054 likelihood = 25252.06339756 iter 10
0.000 0.000 0.000 0.473 0.117 0.000 0.413 0.054 likelihood = 25252.06098440 iter 11
0.000 0.000 0.000 0.473 0.117 0.000 0.413 0.055 likelihood = 25252.06062550 iter 12
At iterate 10 f=2.525206e+04 |proj g| = 5.300398e-01
0.000 0.000 0.000 0.473 0.117 0.000 0.413 0.055 likelihood = 25252.06060745 iter 13

	* * *

Tit   = total number of iterations
Tnf   = total number of function evaluations
Tnint = total number of segments explored during Cauchy searches
Skip  = number of BFGS updates skipped
Nact  = number of active bounds at final generalized Cuachy point
Projg = norm of the final projected gradient
F     = final function value

	* * *
N	Tit	Tnf	Tnint	Skip	Nact	Projg	F
8	11	14	13	0	4	3.426274e-02	2.525206e+04
F = 25252.060607
CONVERGENCE: REL_REDUCTION_OF_F_<=_FACTR*EPSMCH             
Cauchy time 0 seconds.
Subspace minimization time 0 seconds.
Line search time 0 seconds.
Total User time 0 seconds.
derivative for 0: 0.000000 bounds:2 [0.000000-0.000000] -166.805720 25252.060607
derivative for 1: 0.000000 bounds:2 [0.000000-0.000000] 24.756232 25252.060607
derivative for 2: 0.000000 bounds:2 [0.000000-0.000000] 27.644365 25252.060607
derivative for 3: 0.472746 bounds:1 [0.000000-1.000000] 0.011821 25252.060607
derivative for 4: 0.116768 bounds:1 [0.000000-1.000000] 0.010501 25252.060607
derivative for 5: 0.000000 bounds:2 [0.000000-0.000000] -113.653290 25252.060607
derivative for 6: 0.412664 bounds:1 [0.000000-1.000000] -0.011973 25252.060607
derivative for 7: 0.054684 bounds:1 [0.000000-1.000000] -0.034263 25252.060607

maxval -25252.060607 for POP YRI delta 3.418994 YRI:0.0000 CHB:0.0000 CHD:0.0000 TSI:0.4473 MKK:0.1105 LWK:0.0000 CEU:0.3905 JPT:0.0517 
RUNNING THE L-BFGS-B CODE

	* * *

Machine precision = 2.220446e-16
 N = 8, M = 20
ITERATION 4
0.039 0.000 0.000 0.447 0.000 0.000 0.390 0.052 likelihood = 25275.46844329 iter 0
At iteration 0 f=25275.468443	|proj g| = 1.064907e+03
1.019 0.000 0.000 0.447 0.000 0.000 0.390 0.254 likelihood = 26773.61314568 iter 1
0.150 0.000 0.000 0.447 0.000 0.000 0.390 0.075 likelihood = 25295.18555618 iter 2
0.081 0.000 0.000 0.447 0.000 0.000 0.390 0.060 likelihood = 25254.88733727 iter 3
0.081 0.000 0.000 0.448 0.000 0.000 0.390 0.058 likelihood = 25254.69355154 iter 4
0.082 0.000 0.000 0.448 0.000 0.000 0.390 0.051 likelihood = 25254.32039827 iter 5
0.083 0.000 0.000 0.449 0.000 0.000 0.390 0.051 likelihood = 25254.31255633 iter 6
0.083 0.000 0.000 0.449 0.000 0.000 0.390 0.051 likelihood = 25254.30869528 iter 7
0.084 0.000 0.000 0.449 0.000 0.000 0.389 0.051 likelihood = 25254.30463529 iter 8
0.084 0.000 0.000 0.451 0.000 0.000 0.387 0.051 likelihood = 25254.29076353 iter 9
0.084 0.000 0.000 0.454 0.000 0.000 0.383 0.051 likelihood = 25254.27048375 iter 10
0.084 0.000 0.000 0.458 0.000 0.000 0.379 0.051 likelihood = 25254.24866995 iter 11
0.083 0.000 0.000 0.459 0.000 0.000 0.377 0.051 likelihood = 25254.24223195 iter 12
At iterate 10 f=2.525424e+04 |proj g| = 7.173442e-01
0.083 0.000 0.000 0.459 0.000 0.000 0.378 0.051 likelihood = 25254.24171365 iter 13
0.083 0.000 0.000 0.459 0.000 0.000 0.378 0.051 likelihood = 25254.24169725 iter 14

	* * *

Tit   = total number of iterations
Tnf   = total number of function evaluations
Tnint = total number of segments explored during Cauchy searches
Skip  = number of BFGS updates skipped
Nact  = number of active bounds at final generalized Cuachy point
Projg = norm of the final projected gradient
F     = final function value

	* * *
N	Tit	Tnf	Tnint	Skip	Nact	Projg	F
8	12	15	14	0	4	1.720641e-02	2.525424e+04
F = 25254.241697
CONVERGENCE: REL_REDUCTION_OF_F_<=_FACTR*EPSMCH             
Cauchy time 0 seconds.
Subspace minimization time 0 seconds.
Line search time 0 seconds.
Total User time 0 seconds.
derivative for 0: 0.082737 bounds:1 [0.000000-1.000000] -0.017206 25254.241697
derivative for 1: 0.000000 bounds:2 [0.000000-0.000000] 27.699194 25254.241697
derivative for 2: 0.000000 bounds:2 [0.000000-0.000000] 34.124660 25254.241697
derivative for 3: 0.459132 bounds:1 [0.000000-1.000000] 0.008653 25254.241697
derivative for 4: 0.000000 bounds:2 [0.000000-0.000000] -178.160222 25254.241697
derivative for 5: 0.000000 bounds:2 [0.000000-0.000000] -75.082834 25254.241697
derivative for 6: 0.377753 bounds:1 [0.000000-1.000000] -0.006594 25254.241697
derivative for 7: 0.051000 bounds:1 [0.000000-1.000000] -0.001139 25254.241697

maxval -25254.241697 for POP MKK delta 5.600084 YRI:0.0852 CHB:0.0000 CHD:0.0000 TSI:0.4730 MKK:0.0000 LWK:0.0000 CEU:0.3892 JPT:0.0525 
contribution of ancestry from pop YRI is not significant: delta 3.418994 admixture_prop 0.039485 4
YRI:0.0000 CHB:0.0000 CHD:0.0000 TSI:0.4473 MKK:0.1105 LWK:0.0000 CEU:0.3905 JPT:0.0517 
RUNNING THE L-BFGS-B CODE

	* * *

Machine precision = 2.220446e-16
 N = 8, M = 20
ITERATION 5
0.000 0.000 0.000 0.473 0.000 0.000 0.389 0.053 likelihood = 25349.22282869 iter 0
At iteration 0 f=25349.222829	|proj g| = 6.737500e+02
0.000 0.000 0.000 0.472 0.000 0.000 0.389 1.053 likelihood = 26678.72596675 iter 1
0.000 0.000 0.000 0.473 0.000 0.000 0.389 0.144 likelihood = 25354.94031518 iter 2
0.000 0.000 0.000 0.473 0.000 0.000 0.389 0.091 likelihood = 25337.39934214 iter 3
0.000 0.000 0.000 0.473 0.000 0.000 0.389 0.090 likelihood = 25337.39122039 iter 4
0.000 0.000 0.000 0.474 0.000 0.000 0.388 0.090 likelihood = 25337.36497401 iter 5
0.000 0.000 0.000 0.478 0.000 0.000 0.383 0.088 likelihood = 25337.26842251 iter 6
0.000 0.000 0.000 0.486 0.000 0.000 0.373 0.087 likelihood = 25337.10336512 iter 7
0.000 0.000 0.000 0.495 0.000 0.000 0.362 0.088 likelihood = 25336.96313142 iter 8
0.000 0.000 0.000 0.498 0.000 0.000 0.358 0.089 likelihood = 25336.92239704 iter 9
0.000 0.000 0.000 0.498 0.000 0.000 0.358 0.090 likelihood = 25336.91956748 iter 10
0.000 0.000 0.000 0.498 0.000 0.000 0.359 0.090 likelihood = 25336.91950229 iter 11
0.000 0.000 0.000 0.498 0.000 0.000 0.359 0.090 likelihood = 25336.91950193 iter 12
prevld 25336.919502 current 25336.919502 delta 0.000000 
derivative for 0: 0.000000 bounds:2 [0.000000-0.000000] -2389.858559 25336.919502
derivative for 1: 0.000000 bounds:2 [0.000000-0.000000] -50.093923 25336.919502
derivative for 2: 0.000000 bounds:2 [0.000000-0.000000] -53.914254 25336.919502
derivative for 3: 0.497578 bounds:1 [0.000000-1.000000] -0.000046 25336.919502
derivative for 4: 0.000000 bounds:2 [0.000000-0.000000] -1850.054050 25336.919502
derivative for 5: 0.000000 bounds:2 [0.000000-0.000000] -2292.815753 25336.919502
derivative for 6: 0.358671 bounds:1 [0.000000-1.000000] -0.000819 25336.919502
derivative for 7: 0.089796 bounds:1 [0.000000-1.000000] 0.003528 25336.919502

maxval -25336.919502 for POP MKK delta 84.858894 YRI:0.0000 CHB:0.0000 CHD:0.0000 TSI:0.5260 MKK:0.0000 LWK:0.0000 CEU:0.3791 JPT:0.0949 

final maxval -25252.060607 ADMIX_PROP YRI:0.0000 CHB:0.0000 CHD:0.0000 TSI:0.4473 MKK:0.1105 LWK:0.0000 CEU:0.3905 JPT:0.0517 
TSI:0.4473 MKK:0.1105 CEU:0.3905 JPT:0.0517 FINAL_NZ_PROPS
