snps in file 34475 pops 8
YRI:0.144 CHB:0.031 CHD:0.223 TSI:0.069 MKK:0.184 LWK:0.001 CEU:0.050 JPT:0.299  initial sol 27674.952917
RUNNING THE L-BFGS-B CODE

	* * *

Machine precision = 2.220446e-16
 N = 8, M = 20
ITERATION 0
0.144 0.031 0.223 0.069 0.184 0.001 0.050 0.299 likelihood = 27674.95291695 iter 0
At iteration 0 f=27674.952917	|proj g| = 6.205888e+03
0.144 0.031 0.223 0.765 0.286 0.001 0.761 0.299 likelihood = 25523.32524498 iter 1
0.092 0.000 0.154 0.794 0.248 0.000 0.789 0.232 likelihood = 25377.64383630 iter 2
0.000 0.000 0.000 0.856 0.095 0.000 0.844 0.000 likelihood = 25321.94683698 iter 3
0.057 0.000 0.096 0.817 0.190 0.000 0.810 0.144 likelihood = 25282.84498283 iter 4
delta is negative -3.515593 	0.031 0.000 0.000 0.840 0.117 0.000 0.824 0.000 likelihood = 25286.36057551 iter 5
0.044 0.000 0.046 0.829 0.152 0.000 0.817 0.070 likelihood = 25251.45147288 iter 6
0.051 0.000 0.033 0.830 0.152 0.008 0.816 0.059 likelihood = 25250.30628738 iter 7
0.053 0.000 0.031 0.831 0.153 0.009 0.815 0.063 likelihood = 25250.13630431 iter 8
0.057 0.000 0.024 0.834 0.151 0.010 0.813 0.072 likelihood = 25249.83839827 iter 9
0.068 0.000 0.000 0.843 0.140 0.011 0.804 0.098 likelihood = 25249.16113296 iter 10
0.067 0.000 0.000 0.846 0.136 0.009 0.803 0.099 likelihood = 25248.94123290 iter 11
0.068 0.000 0.000 0.850 0.130 0.007 0.800 0.097 likelihood = 25248.84030287 iter 12
At iterate 10 f=2.524884e+04 |proj g| = 7.646882e+00
0.068 0.000 0.000 0.851 0.129 0.007 0.800 0.097 likelihood = 25248.83055254 iter 13
0.070 0.000 0.000 0.854 0.126 0.007 0.797 0.097 likelihood = 25248.79767012 iter 14
0.078 0.000 0.000 0.870 0.118 0.007 0.783 0.096 likelihood = 25248.71197142 iter 15
0.078 0.000 0.000 0.879 0.119 0.006 0.774 0.097 likelihood = 25248.66641322 iter 16
0.075 0.000 0.000 0.889 0.124 0.005 0.763 0.097 likelihood = 25248.63564433 iter 17
0.074 0.000 0.000 0.889 0.125 0.005 0.763 0.097 likelihood = 25248.63489981 iter 18
0.073 0.000 0.000 0.889 0.125 0.006 0.763 0.097 likelihood = 25248.63483008 iter 19
0.073 0.000 0.000 0.889 0.125 0.006 0.763 0.097 likelihood = 25248.63481114 iter 20

	* * *

Tit   = total number of iterations
Tnf   = total number of function evaluations
Tnint = total number of segments explored during Cauchy searches
Skip  = number of BFGS updates skipped
Nact  = number of active bounds at final generalized Cuachy point
Projg = norm of the final projected gradient
F     = final function value

	* * *
N	Tit	Tnf	Tnint	Skip	Nact	Projg	F
8	17	21	28	0	2	3.647846e-02	2.524863e+04
F = 25248.634811
CONVERGENCE: REL_REDUCTION_OF_F_<=_FACTR*EPSMCH             
Cauchy time 0 seconds.
Subspace minimization time 0 seconds.
Line search time 0 seconds.
Total User time 0 seconds.
derivative for 0: 0.073154 bounds:1 [0.000000-1.000000] -0.028956 25248.634811
derivative for 1: 0.000000 bounds:1 [0.000000-1.000000] 15.402118 25248.634811
derivative for 2: 0.000000 bounds:1 [0.000000-1.000000] 17.835015 25248.634811
derivative for 3: 0.888769 bounds:1 [0.000000-1.000000] -0.002601 25248.634811
derivative for 4: 0.125110 bounds:1 [0.000000-1.000000] 0.018061 25248.634811
derivative for 5: 0.006089 bounds:1 [0.000000-1.000000] -0.036478 25248.634811
derivative for 6: 0.762758 bounds:1 [0.000000-1.000000] 0.004759 25248.634811
derivative for 7: 0.097285 bounds:1 [0.000000-1.000000] -0.012720 25248.634811

RUNNING THE L-BFGS-B CODE

	* * *

Machine precision = 2.220446e-16
 N = 8, M = 20
ITERATION 3
0.000 0.000 0.000 0.889 0.125 0.006 0.763 0.097 likelihood = 25263.34179792 iter 0
At iteration 0 f=25263.341798	|proj g| = 3.974528e+02
0.000 0.000 0.000 0.887 0.703 0.801 0.761 0.280 likelihood = 26059.52992946 iter 1
0.000 0.000 0.000 0.889 0.189 0.094 0.763 0.117 likelihood = 25259.04418113 iter 2
0.000 0.000 0.000 0.890 0.164 0.061 0.764 0.108 likelihood = 25250.58337622 iter 3
0.000 0.000 0.000 0.890 0.156 0.052 0.764 0.103 likelihood = 25250.12235793 iter 4
0.000 0.000 0.000 0.890 0.157 0.054 0.764 0.102 likelihood = 25250.08619628 iter 5
0.000 0.000 0.000 0.890 0.156 0.056 0.765 0.101 likelihood = 25250.05728928 iter 6
0.000 0.000 0.000 0.890 0.154 0.058 0.765 0.098 likelihood = 25250.03287465 iter 7
0.000 0.000 0.000 0.890 0.152 0.060 0.765 0.097 likelihood = 25250.01446514 iter 8
0.000 0.000 0.000 0.890 0.145 0.065 0.766 0.096 likelihood = 25249.98195044 iter 9
0.000 0.000 0.000 0.890 0.138 0.071 0.767 0.097 likelihood = 25249.95373320 iter 10
0.000 0.000 0.000 0.890 0.136 0.071 0.768 0.099 likelihood = 25249.94881446 iter 11
At iterate 10 f=2.524995e+04 |proj g| = 1.144319e+00
0.000 0.000 0.000 0.890 0.137 0.071 0.768 0.099 likelihood = 25249.94857928 iter 12
0.000 0.000 0.000 0.890 0.137 0.071 0.768 0.099 likelihood = 25249.94857397 iter 13
prevld 25249.948579 current 25249.948574 delta 0.000005 
derivative for 0: 0.000000 bounds:2 [0.000000-0.000000] -35.868258 25249.948574
derivative for 1: 0.000000 bounds:2 [0.000000-0.000000] 14.932387 25249.948574
derivative for 2: 0.000000 bounds:2 [0.000000-0.000000] 16.769217 25249.948574
derivative for 3: 0.890319 bounds:1 [0.000000-1.000000] 0.024144 25249.948574
derivative for 4: 0.136690 bounds:1 [0.000000-1.000000] -0.015132 25249.948574
derivative for 5: 0.070976 bounds:1 [0.000000-1.000000] -0.009827 25249.948574
derivative for 6: 0.767609 bounds:1 [0.000000-1.000000] -0.024539 25249.948574
derivative for 7: 0.099022 bounds:1 [0.000000-1.000000] 0.001069 25249.948574

maxval -25249.948574 for POP YRI delta 1.313763 YRI:0.0000 CHB:0.0000 CHD:0.0000 TSI:0.4532 MKK:0.0696 LWK:0.0361 CEU:0.3907 JPT:0.0504 
RUNNING THE L-BFGS-B CODE

	* * *

Machine precision = 2.220446e-16
 N = 8, M = 20
ITERATION 3
0.073 0.000 0.000 0.000 0.070 0.036 0.391 0.050 likelihood = 25593.83416018 iter 0
At iteration 0 f=25593.834160	|proj g| = 1.354279e+03
0.073 0.000 0.000 0.000 0.070 0.036 1.391 0.050 likelihood = 25361.84083237 iter 1
0.077 0.000 0.000 0.000 0.077 0.040 1.401 0.060 likelihood = 25357.36465304 iter 2
0.079 0.000 0.000 0.000 0.091 0.044 1.401 0.083 likelihood = 25352.90334806 iter 3
0.076 0.000 0.000 0.000 0.099 0.042 1.389 0.093 likelihood = 25352.01096783 iter 4
0.068 0.000 0.000 0.000 0.109 0.037 1.366 0.102 likelihood = 25351.15587861 iter 5
0.055 0.000 0.000 0.000 0.126 0.027 1.336 0.108 likelihood = 25350.17251913 iter 6
0.037 0.000 0.000 0.000 0.157 0.014 1.305 0.106 likelihood = 25348.87029851 iter 7
0.027 0.000 0.000 0.000 0.191 0.005 1.302 0.096 likelihood = 25348.04450052 iter 8
0.029 0.000 0.000 0.000 0.188 0.004 1.306 0.091 likelihood = 25347.94682428 iter 9
0.030 0.000 0.000 0.000 0.187 0.004 1.309 0.090 likelihood = 25347.94130131 iter 10
At iterate 10 f=2.534794e+04 |proj g| = 4.762664e+00
0.031 0.000 0.000 0.000 0.187 0.003 1.309 0.090 likelihood = 25347.93539625 iter 11
0.037 0.000 0.000 0.000 0.187 0.000 1.309 0.090 likelihood = 25347.93184537 iter 12
0.035 0.000 0.000 0.000 0.186 0.000 1.308 0.090 likelihood = 25347.91702970 iter 13
0.035 0.000 0.000 0.000 0.186 0.000 1.308 0.090 likelihood = 25347.91602590 iter 14
0.034 0.000 0.000 0.000 0.186 0.000 1.307 0.091 likelihood = 25347.91591661 iter 15
0.034 0.000 0.000 0.000 0.186 0.000 1.307 0.091 likelihood = 25347.91591588 iter 16
prevld 25347.915917 current 25347.915916 delta 0.000001 
derivative for 0: 0.034452 bounds:1 [0.000000-1.000000] -0.006641 25347.915916
derivative for 1: 0.000000 bounds:2 [0.000000-0.000000] 17.874021 25347.915916
derivative for 2: 0.000000 bounds:2 [0.000000-0.000000] 19.736101 25347.915916
derivative for 3: 0.000000 bounds:2 [0.000000-0.000000] -272.834379 25347.915916
derivative for 4: 0.186232 bounds:1 [0.000000-1.000000] -0.004932 25347.915916
derivative for 5: 0.000000 bounds:1 [0.000000-1.000000] 4.253804 25347.915916
derivative for 6: 1.307359 bounds:1 [0.000000-1.000000] 0.000872 25347.915916
derivative for 7: 0.090528 bounds:1 [0.000000-1.000000] 0.000086 25347.915916

maxval -25347.915916 for POP TSI delta 99.281105 YRI:0.0213 CHB:0.0000 CHD:0.0000 TSI:0.0000 MKK:0.1151 LWK:0.0000 CEU:0.8077 JPT:0.0559 
RUNNING THE L-BFGS-B CODE

	* * *

Machine precision = 2.220446e-16
 N = 8, M = 20
ITERATION 4
0.021 0.000 0.000 0.889 0.000 0.000 0.808 0.056 likelihood = 25341.60904916 iter 0
At iteration 0 f=25341.609049	|proj g| = 1.310768e+03
0.709 0.000 0.000 0.888 0.000 0.667 0.807 0.343 likelihood = 26162.45376461 iter 1
0.172 0.000 0.000 0.889 0.000 0.146 0.808 0.119 likelihood = 25289.71565218 iter 2
0.133 0.000 0.000 0.893 0.000 0.109 0.811 0.107 likelihood = 25261.63030657 iter 3
0.087 0.000 0.000 0.895 0.000 0.065 0.811 0.093 likelihood = 25254.61018147 iter 4
0.102 0.000 0.000 0.895 0.000 0.080 0.811 0.099 likelihood = 25253.01101573 iter 5
0.100 0.000 0.000 0.895 0.000 0.078 0.811 0.099 likelihood = 25252.95291062 iter 6
0.099 0.000 0.000 0.896 0.000 0.077 0.810 0.100 likelihood = 25252.94044928 iter 7
0.098 0.000 0.000 0.897 0.000 0.077 0.808 0.102 likelihood = 25252.91953625 iter 8
0.097 0.000 0.000 0.899 0.000 0.077 0.806 0.104 likelihood = 25252.90407360 iter 9
0.096 0.000 0.000 0.904 0.000 0.079 0.800 0.105 likelihood = 25252.87277483 iter 10
0.094 0.000 0.000 0.913 0.000 0.081 0.790 0.106 likelihood = 25252.82573092 iter 11
At iterate 10 f=2.525283e+04 |proj g| = 3.083380e+00
0.091 0.000 0.000 0.926 0.000 0.084 0.776 0.105 likelihood = 25252.77222713 iter 12
0.091 0.000 0.000 0.930 0.000 0.084 0.772 0.103 likelihood = 25252.75698439 iter 13
0.092 0.000 0.000 0.930 0.000 0.084 0.772 0.102 likelihood = 25252.75523801 iter 14
0.092 0.000 0.000 0.929 0.000 0.084 0.773 0.102 likelihood = 25252.75501252 iter 15
0.092 0.000 0.000 0.929 0.000 0.083 0.773 0.102 likelihood = 25252.75476110 iter 16
0.093 0.000 0.000 0.929 0.000 0.082 0.773 0.102 likelihood = 25252.75409677 iter 17
0.094 0.000 0.000 0.930 0.000 0.081 0.772 0.102 likelihood = 25252.75350738 iter 18
0.094 0.000 0.000 0.930 0.000 0.081 0.772 0.102 likelihood = 25252.75333541 iter 19
0.094 0.000 0.000 0.930 0.000 0.081 0.772 0.102 likelihood = 25252.75332869 iter 20
prevld 25252.753335 current 25252.753329 delta 0.000007 
derivative for 0: 0.094302 bounds:1 [0.000000-1.000000] -0.005801 25252.753329
derivative for 1: 0.000000 bounds:2 [0.000000-0.000000] 14.499604 25252.753329
derivative for 2: 0.000000 bounds:2 [0.000000-0.000000] 17.237147 25252.753329
derivative for 3: 0.930374 bounds:1 [0.000000-1.000000] 0.000861 25252.753329
derivative for 4: 0.000000 bounds:2 [0.000000-0.000000] -65.253401 25252.753329
derivative for 5: 0.081117 bounds:1 [0.000000-1.000000] -0.016532 25252.753329
derivative for 6: 0.771608 bounds:1 [0.000000-1.000000] 0.002840 25252.753329
derivative for 7: 0.102019 bounds:1 [0.000000-1.000000] -0.010818 25252.753329

maxval -25252.753329 for POP MKK delta 4.118518 YRI:0.0476 CHB:0.0000 CHD:0.0000 TSI:0.4700 MKK:0.0000 LWK:0.0410 CEU:0.3898 JPT:0.0515 
RUNNING THE L-BFGS-B CODE

	* * *

Machine precision = 2.220446e-16
 N = 8, M = 20
ITERATION 3
0.048 0.000 0.000 0.470 0.125 0.000 0.390 0.052 likelihood = 25268.13550004 iter 0
At iteration 0 f=25268.135500	|proj g| = 1.297194e+02
0.047 0.000 0.000 1.107 0.124 0.000 1.161 0.051 likelihood = 25276.48356704 iter 1
0.048 0.000 0.000 0.689 0.125 0.000 0.655 0.051 likelihood = 25251.18805038 iter 2
0.048 0.000 0.000 0.674 0.124 0.000 0.637 0.057 likelihood = 25250.11609438 iter 3
0.046 0.000 0.000 0.642 0.119 0.000 0.597 0.072 likelihood = 25249.12819187 iter 4
0.046 0.000 0.000 0.649 0.118 0.000 0.604 0.072 likelihood = 25249.03232399 iter 5
0.046 0.000 0.000 0.656 0.115 0.000 0.611 0.075 likelihood = 25248.94240381 iter 6
0.047 0.000 0.000 0.658 0.113 0.000 0.612 0.076 likelihood = 25248.91509798 iter 7
0.053 0.000 0.000 0.668 0.105 0.000 0.615 0.077 likelihood = 25248.80522141 iter 8
0.059 0.000 0.000 0.671 0.098 0.000 0.609 0.076 likelihood = 25248.71968621 iter 9
0.061 0.000 0.000 0.665 0.094 0.000 0.592 0.075 likelihood = 25248.68015897 iter 10
0.061 0.000 0.000 0.659 0.093 0.000 0.578 0.073 likelihood = 25248.66378625 iter 11
At iterate 10 f=2.524866e+04 |proj g| = 2.342394e+00
0.059 0.000 0.000 0.650 0.093 0.000 0.563 0.071 likelihood = 25248.65046069 iter 12
0.056 0.000 0.000 0.643 0.092 0.000 0.550 0.071 likelihood = 25248.64236122 iter 13
0.056 0.000 0.000 0.644 0.092 0.000 0.553 0.071 likelihood = 25248.64161767 iter 14
0.056 0.000 0.000 0.644 0.092 0.000 0.553 0.071 likelihood = 25248.64161350 iter 15
prevld 25248.641618 current 25248.641614 delta 0.000004 
derivative for 0: 0.055929 bounds:1 [0.000000-1.000000] 0.008973 25248.641614
derivative for 1: 0.000000 bounds:2 [0.000000-0.000000] 21.200228 25248.641614
derivative for 2: 0.000000 bounds:2 [0.000000-0.000000] 24.582335 25248.641614
derivative for 3: 0.644395 bounds:1 [0.000000-1.000000] 0.000241 25248.641614
derivative for 4: 0.092423 bounds:1 [0.000000-1.000000] 0.006750 25248.641614
derivative for 5: 0.000000 bounds:2 [0.000000-0.000000] -3.040059 25248.641614
derivative for 6: 0.553082 bounds:1 [0.000000-1.000000] -0.001495 25248.641614
derivative for 7: 0.070581 bounds:1 [0.000000-1.000000] -0.006435 25248.641614

maxval -25248.641614 for POP LWK delta 0.006802 YRI:0.0395 CHB:0.0000 CHD:0.0000 TSI:0.4549 MKK:0.0653 LWK:0.0000 CEU:0.3905 JPT:0.0498 
RUNNING THE L-BFGS-B CODE

	* * *

Machine precision = 2.220446e-16
 N = 8, M = 20
ITERATION 3
0.039 0.000 0.000 0.455 0.065 0.006 0.000 0.050 likelihood = 25379.34036187 iter 0
At iteration 0 f=25379.340362	|proj g| = 4.232088e+02
0.039 0.000 0.000 1.455 0.065 0.006 0.000 0.050 likelihood = 25358.19350419 iter 1
0.048 0.000 0.000 1.467 0.072 0.014 0.000 0.059 likelihood = 25344.86685098 iter 2
0.061 0.000 0.000 1.386 0.083 0.026 0.000 0.083 likelihood = 25330.70317738 iter 3
0.062 0.000 0.000 1.331 0.084 0.027 0.000 0.093 likelihood = 25329.52718574 iter 4
0.060 0.000 0.000 1.314 0.084 0.025 0.000 0.097 likelihood = 25329.21897966 iter 5
0.056 0.000 0.000 1.296 0.083 0.021 0.000 0.103 likelihood = 25329.00257383 iter 6
0.056 0.000 0.000 1.297 0.084 0.020 0.000 0.102 likelihood = 25328.99173895 iter 7
0.055 0.000 0.000 1.291 0.089 0.016 0.000 0.100 likelihood = 25328.94274055 iter 8
0.054 0.000 0.000 1.280 0.094 0.013 0.000 0.099 likelihood = 25328.91581979 iter 9
0.055 0.000 0.000 1.267 0.096 0.009 0.000 0.099 likelihood = 25328.89981193 iter 10
At iterate 10 f=2.532890e+04 |proj g| = 1.567595e+00
0.055 0.000 0.000 1.265 0.096 0.009 0.000 0.099 likelihood = 25328.89876002 iter 11
0.056 0.000 0.000 1.264 0.096 0.008 0.000 0.099 likelihood = 25328.89774124 iter 12
0.057 0.000 0.000 1.263 0.096 0.007 0.000 0.099 likelihood = 25328.89668792 iter 13
0.058 0.000 0.000 1.264 0.096 0.006 0.000 0.099 likelihood = 25328.89643584 iter 14
0.058 0.000 0.000 1.264 0.096 0.007 0.000 0.099 likelihood = 25328.89642576 iter 15

	* * *

Tit   = total number of iterations
Tnf   = total number of function evaluations
Tnint = total number of segments explored during Cauchy searches
Skip  = number of BFGS updates skipped
Nact  = number of active bounds at final generalized Cuachy point
Projg = norm of the final projected gradient
F     = final function value

	* * *
N	Tit	Tnf	Tnint	Skip	Nact	Projg	F
8	15	16	19	0	3	2.829795e-02	2.532890e+04
F = 25328.896426
CONVERGENCE: REL_REDUCTION_OF_F_<=_FACTR*EPSMCH             
Cauchy time 0 seconds.
Subspace minimization time 0 seconds.
Line search time 0 seconds.
Total User time 0 seconds.
derivative for 0: 0.057549 bounds:1 [0.000000-1.000000] 0.028298 25328.896426
derivative for 1: 0.000000 bounds:2 [0.000000-0.000000] -1.028828 25328.896426
derivative for 2: 0.000000 bounds:2 [0.000000-0.000000] 8.254011 25328.896426
derivative for 3: 1.264040 bounds:1 [0.000000-1.000000] -0.003745 25328.896426
derivative for 4: 0.095732 bounds:1 [0.000000-1.000000] 0.011931 25328.896426
derivative for 5: 0.006538 bounds:1 [0.000000-1.000000] 0.012321 25328.896426
derivative for 6: 0.000000 bounds:2 [0.000000-0.000000] -284.710043 25328.896426
derivative for 7: 0.098998 bounds:1 [0.000000-1.000000] 0.019023 25328.896426

maxval -25328.896426 for POP CEU delta 80.261615 YRI:0.0378 CHB:0.0000 CHD:0.0000 TSI:0.8300 MKK:0.0629 LWK:0.0043 CEU:0.0000 JPT:0.0650 
RUNNING THE L-BFGS-B CODE

	* * *

Machine precision = 2.220446e-16
 N = 8, M = 20
ITERATION 3
0.038 0.000 0.000 0.830 0.063 0.004 0.763 0.000 likelihood = 25301.53469908 iter 0
At iteration 0 f=25301.534699	|proj g| = 7.423469e+02
0.668 0.000 0.000 0.829 0.549 0.609 0.762 0.000 likelihood = 26506.78197259 iter 1
0.127 0.000 0.000 0.830 0.132 0.090 0.763 0.000 likelihood = 25299.20921758 iter 2
0.093 0.000 0.000 0.833 0.107 0.057 0.765 0.000 likelihood = 25270.89568844 iter 3
0.073 0.000 0.000 0.833 0.094 0.037 0.765 0.000 likelihood = 25268.18241288 iter 4
0.078 0.000 0.000 0.833 0.099 0.042 0.765 0.000 likelihood = 25267.73370433 iter 5
0.077 0.000 0.000 0.833 0.100 0.041 0.765 0.000 likelihood = 25267.71080854 iter 6
0.075 0.000 0.000 0.834 0.106 0.036 0.763 0.000 likelihood = 25267.59912384 iter 7
0.072 0.000 0.000 0.835 0.117 0.029 0.761 0.000 likelihood = 25267.48964288 iter 8
0.072 0.000 0.000 0.836 0.129 0.022 0.759 0.000 likelihood = 25267.39315123 iter 9
0.073 0.000 0.000 0.837 0.132 0.020 0.758 0.000 likelihood = 25267.37670928 iter 10
0.074 0.000 0.000 0.837 0.133 0.019 0.757 0.000 likelihood = 25267.37374655 iter 11
At iterate 10 f=2.526737e+04 |proj g| = 7.926157e-01
0.076 0.000 0.000 0.837 0.132 0.018 0.757 0.000 likelihood = 25267.37092616 iter 12
0.078 0.000 0.000 0.838 0.132 0.017 0.756 0.000 likelihood = 25267.36544178 iter 13
0.081 0.000 0.000 0.839 0.131 0.014 0.755 0.000 likelihood = 25267.35995531 iter 14
0.081 0.000 0.000 0.839 0.131 0.013 0.755 0.000 likelihood = 25267.35857673 iter 15
0.081 0.000 0.000 0.839 0.131 0.013 0.755 0.000 likelihood = 25267.35848121 iter 16
0.081 0.000 0.000 0.839 0.131 0.013 0.755 0.000 likelihood = 25267.35846672 iter 17

	* * *

Tit   = total number of iterations
Tnf   = total number of function evaluations
Tnint = total number of segments explored during Cauchy searches
Skip  = number of BFGS updates skipped
Nact  = number of active bounds at final generalized Cuachy point
Projg = norm of the final projected gradient
F     = final function value

	* * *
N	Tit	Tnf	Tnint	Skip	Nact	Projg	F
8	16	18	18	0	3	2.548640e-01	2.526736e+04
F = 25267.358467
CONVERGENCE: REL_REDUCTION_OF_F_<=_FACTR*EPSMCH             
Cauchy time 0 seconds.
Subspace minimization time 0 seconds.
Line search time 0 seconds.
Total User time 0 seconds.
derivative for 0: 0.080989 bounds:1 [0.000000-1.000000] -0.104192 25267.358467
derivative for 1: 0.000000 bounds:2 [0.000000-0.000000] -388.720431 25267.358467
derivative for 2: 0.000000 bounds:2 [0.000000-0.000000] -383.884583 25267.358467
derivative for 3: 0.839389 bounds:1 [0.000000-1.000000] -0.193779 25267.358467
derivative for 4: 0.131192 bounds:1 [0.000000-1.000000] -0.096076 25267.358467
derivative for 5: 0.012706 bounds:1 [0.000000-1.000000] -0.254864 25267.358467
derivative for 6: 0.754827 bounds:1 [0.000000-1.000000] 0.247655 25267.358467
derivative for 7: 0.000000 bounds:2 [0.000000-0.000000] -456.090032 25267.358467

maxval -25267.358467 for POP JPT delta 18.723656 YRI:0.0445 CHB:0.0000 CHD:0.0000 TSI:0.4614 MKK:0.0721 LWK:0.0070 CEU:0.4149 JPT:0.0000 
contribution of ancestry from pop LWK is not significant: delta 0.006802 admixture_prop 0.006089 5
YRI:0.0395 CHB:0.0000 CHD:0.0000 TSI:0.4549 MKK:0.0653 LWK:0.0000 CEU:0.3905 JPT:0.0498 
RUNNING THE L-BFGS-B CODE

	* * *

Machine precision = 2.220446e-16
 N = 8, M = 20
ITERATION 4
0.000 0.000 0.000 0.461 0.072 0.000 0.415 0.097 likelihood = 25268.34358176 iter 0
At iteration 0 f=25268.343582	|proj g| = 3.820854e+02
0.000 0.000 0.000 0.514 1.071 0.000 0.414 0.097 likelihood = 26134.08181078 iter 1
0.000 0.000 0.000 0.466 0.155 0.000 0.415 0.097 likelihood = 25269.71911336 iter 2
0.000 0.000 0.000 0.463 0.109 0.000 0.415 0.097 likelihood = 25261.66189459 iter 3
0.000 0.000 0.000 0.465 0.111 0.000 0.416 0.087 likelihood = 25257.72397433 iter 4
0.000 0.000 0.000 0.469 0.116 0.000 0.419 0.050 likelihood = 25252.22972210 iter 5
0.000 0.000 0.000 0.468 0.117 0.000 0.418 0.055 likelihood = 25252.07431685 iter 6
0.000 0.000 0.000 0.469 0.117 0.000 0.418 0.055 likelihood = 25252.07150338 iter 7
0.000 0.000 0.000 0.469 0.117 0.000 0.418 0.055 likelihood = 25252.07116096 iter 8
0.000 0.000 0.000 0.470 0.117 0.000 0.417 0.054 likelihood = 25252.06776717 iter 9
0.000 0.000 0.000 0.471 0.117 0.000 0.415 0.054 likelihood = 25252.06432473 iter 10
0.000 0.000 0.000 0.473 0.117 0.000 0.413 0.054 likelihood = 25252.06114604 iter 11
0.000 0.000 0.000 0.473 0.117 0.000 0.413 0.055 likelihood = 25252.06063466 iter 12
At iterate 10 f=2.525206e+04 |proj g| = 6.708484e-01
0.000 0.000 0.000 0.473 0.117 0.000 0.413 0.055 likelihood = 25252.06060764 iter 13

	* * *

Tit   = total number of iterations
Tnf   = total number of function evaluations
Tnint = total number of segments explored during Cauchy searches
Skip  = number of BFGS updates skipped
Nact  = number of active bounds at final generalized Cuachy point
Projg = norm of the final projected gradient
F     = final function value

	* * *
N	Tit	Tnf	Tnint	Skip	Nact	Projg	F
8	11	14	13	0	4	4.508406e-02	2.525206e+04
F = 25252.060608
CONVERGENCE: REL_REDUCTION_OF_F_<=_FACTR*EPSMCH             
Cauchy time 0 seconds.
Subspace minimization time 0 seconds.
Line search time 0 seconds.
Total User time 0 seconds.
derivative for 0: 0.000000 bounds:2 [0.000000-0.000000] -166.614456 25252.060608
derivative for 1: 0.000000 bounds:2 [0.000000-0.000000] 24.717687 25252.060608
derivative for 2: 0.000000 bounds:2 [0.000000-0.000000] 27.602570 25252.060608
derivative for 3: 0.473296 bounds:1 [0.000000-1.000000] 0.014934 25252.060608
derivative for 4: 0.116902 bounds:1 [0.000000-1.000000] 0.011062 25252.060608
derivative for 5: 0.000000 bounds:2 [0.000000-0.000000] -113.522868 25252.060608
derivative for 6: 0.413133 bounds:1 [0.000000-1.000000] -0.014265 25252.060608
derivative for 7: 0.054746 bounds:1 [0.000000-1.000000] -0.045084 25252.060608

maxval -25252.060608 for POP YRI delta 3.418994 YRI:0.0000 CHB:0.0000 CHD:0.0000 TSI:0.4473 MKK:0.1105 LWK:0.0000 CEU:0.3905 JPT:0.0517 
RUNNING THE L-BFGS-B CODE

	* * *

Machine precision = 2.220446e-16
 N = 8, M = 20
ITERATION 4
0.039 0.000 0.000 0.447 0.000 0.000 0.390 0.052 likelihood = 25275.46683452 iter 0
At iteration 0 f=25275.466835	|proj g| = 1.064861e+03
1.019 0.000 0.000 0.447 0.000 0.000 0.390 0.254 likelihood = 26773.60776424 iter 1
0.150 0.000 0.000 0.447 0.000 0.000 0.390 0.075 likelihood = 25295.18382701 iter 2
0.081 0.000 0.000 0.447 0.000 0.000 0.390 0.060 likelihood = 25254.88717654 iter 3
0.081 0.000 0.000 0.448 0.000 0.000 0.390 0.058 likelihood = 25254.69342047 iter 4
0.082 0.000 0.000 0.448 0.000 0.000 0.390 0.051 likelihood = 25254.32033258 iter 5
0.083 0.000 0.000 0.449 0.000 0.000 0.390 0.051 likelihood = 25254.31249343 iter 6
0.083 0.000 0.000 0.449 0.000 0.000 0.390 0.051 likelihood = 25254.30863624 iter 7
0.084 0.000 0.000 0.449 0.000 0.000 0.389 0.051 likelihood = 25254.30458099 iter 8
0.084 0.000 0.000 0.451 0.000 0.000 0.387 0.051 likelihood = 25254.29072344 iter 9
0.084 0.000 0.000 0.454 0.000 0.000 0.383 0.051 likelihood = 25254.27046334 iter 10
0.084 0.000 0.000 0.458 0.000 0.000 0.379 0.051 likelihood = 25254.24866760 iter 11
0.083 0.000 0.000 0.459 0.000 0.000 0.377 0.051 likelihood = 25254.24223191 iter 12
At iterate 10 f=2.525424e+04 |proj g| = 7.172360e-01
0.083 0.000 0.000 0.459 0.000 0.000 0.378 0.051 likelihood = 25254.24171366 iter 13
0.083 0.000 0.000 0.459 0.000 0.000 0.378 0.051 likelihood = 25254.24169725 iter 14

	* * *

Tit   = total number of iterations
Tnf   = total number of function evaluations
Tnint = total number of segments explored during Cauchy searches
Skip  = number of BFGS updates skipped
Nact  = number of active bounds at final generalized Cuachy point
Projg = norm of the final projected gradient
F     = final function value

	* * *
N	Tit	Tnf	Tnint	Skip	Nact	Projg	F
8	12	15	14	0	4	1.719757e-02	2.525424e+04
F = 25254.241697
CONVERGENCE: REL_REDUCTION_OF_F_<=_FACTR*EPSMCH             
Cauchy time 0 seconds.
Subspace minimization time 0 seconds.
Line search time 0 seconds.
Total User time 0 seconds.
derivative for 0: 0.082737 bounds:1 [0.000000-1.000000] -0.017198 25254.241697
derivative for 1: 0.000000 bounds:2 [0.000000-0.000000] 27.699163 25254.241697
derivative for 2: 0.000000 bounds:2 [0.000000-0.000000] 34.124621 25254.241697
derivative for 3: 0.459132 bounds:1 [0.000000-1.000000] 0.008655 25254.241697
derivative for 4: 0.000000 bounds:2 [0.000000-0.000000] -178.160006 25254.241697
derivative for 5: 0.000000 bounds:2 [0.000000-0.000000] -75.082738 25254.241697
derivative for 6: 0.377753 bounds:1 [0.000000-1.000000] -0.006599 25254.241697
derivative for 7: 0.051000 bounds:1 [0.000000-1.000000] -0.001137 25254.241697

maxval -25254.241697 for POP MKK delta 5.600084 YRI:0.0852 CHB:0.0000 CHD:0.0000 TSI:0.4730 MKK:0.0000 LWK:0.0000 CEU:0.3892 JPT:0.0525 
contribution of ancestry from pop YRI is not significant: delta 3.418994 admixture_prop 0.039487 4
YRI:0.0000 CHB:0.0000 CHD:0.0000 TSI:0.4473 MKK:0.1105 LWK:0.0000 CEU:0.3905 JPT:0.0517 
RUNNING THE L-BFGS-B CODE

	* * *

Machine precision = 2.220446e-16
 N = 8, M = 20
ITERATION 5
0.000 0.000 0.000 0.473 0.000 0.000 0.389 0.053 likelihood = 25349.22282843 iter 0
At iteration 0 f=25349.222828	|proj g| = 6.737500e+02
0.000 0.000 0.000 0.472 0.000 0.000 0.389 1.053 likelihood = 26678.72596735 iter 1
0.000 0.000 0.000 0.473 0.000 0.000 0.389 0.144 likelihood = 25354.94031492 iter 2
0.000 0.000 0.000 0.473 0.000 0.000 0.389 0.091 likelihood = 25337.39934194 iter 3
0.000 0.000 0.000 0.473 0.000 0.000 0.389 0.090 likelihood = 25337.39122019 iter 4
0.000 0.000 0.000 0.474 0.000 0.000 0.388 0.090 likelihood = 25337.36497382 iter 5
0.000 0.000 0.000 0.478 0.000 0.000 0.383 0.088 likelihood = 25337.26842239 iter 6
0.000 0.000 0.000 0.486 0.000 0.000 0.373 0.087 likelihood = 25337.10336507 iter 7
0.000 0.000 0.000 0.495 0.000 0.000 0.362 0.088 likelihood = 25336.96313142 iter 8
0.000 0.000 0.000 0.498 0.000 0.000 0.358 0.089 likelihood = 25336.92239704 iter 9
0.000 0.000 0.000 0.498 0.000 0.000 0.358 0.090 likelihood = 25336.91956748 iter 10
0.000 0.000 0.000 0.498 0.000 0.000 0.359 0.090 likelihood = 25336.91950229 iter 11
0.000 0.000 0.000 0.498 0.000 0.000 0.359 0.090 likelihood = 25336.91950193 iter 12
prevld 25336.919502 current 25336.919502 delta 0.000000 
derivative for 0: 0.000000 bounds:2 [0.000000-0.000000] -2389.858558 25336.919502
derivative for 1: 0.000000 bounds:2 [0.000000-0.000000] -50.093923 25336.919502
derivative for 2: 0.000000 bounds:2 [0.000000-0.000000] -53.914254 25336.919502
derivative for 3: 0.497578 bounds:1 [0.000000-1.000000] -0.000046 25336.919502
derivative for 4: 0.000000 bounds:2 [0.000000-0.000000] -1850.054049 25336.919502
derivative for 5: 0.000000 bounds:2 [0.000000-0.000000] -2292.815752 25336.919502
derivative for 6: 0.358671 bounds:1 [0.000000-1.000000] -0.000819 25336.919502
derivative for 7: 0.089796 bounds:1 [0.000000-1.000000] 0.003528 25336.919502

maxval -25336.919502 for POP MKK delta 84.858894 YRI:0.0000 CHB:0.0000 CHD:0.0000 TSI:0.5260 MKK:0.0000 LWK:0.0000 CEU:0.3791 JPT:0.0949 

final maxval -25252.060608 ADMIX_PROP YRI:0.0000 CHB:0.0000 CHD:0.0000 TSI:0.4473 MKK:0.1105 LWK:0.0000 CEU:0.3905 JPT:0.0517 
TSI:0.4473 MKK:0.1105 CEU:0.3905 JPT:0.0517 FINAL_NZ_PROPS
