snps in file 36215 pops 8
YRI:0.016 CHB:0.072 CHD:0.048 TSI:0.240 MKK:0.084 LWK:0.224 CEU:0.033 JPT:0.282  initial sol 28166.350633
RUNNING THE L-BFGS-B CODE

	* * *

Machine precision = 2.220446e-16
 N = 8, M = 20
ITERATION 0
0.016 0.072 0.048 0.240 0.084 0.224 0.033 0.282 likelihood = 28166.35063314 iter 0
At iteration 0 f=28166.350633	|proj g| = 4.351175e+03
0.016 0.072 0.048 0.924 0.084 0.224 0.763 0.282 likelihood = 26579.29887385 iter 1
0.000 0.000 0.000 0.925 0.036 0.156 0.765 0.204 likelihood = 26434.79675830 iter 2
0.000 0.000 0.000 0.919 0.000 0.068 0.764 0.092 likelihood = 26407.85007485 iter 3
0.014 0.000 0.000 0.924 0.020 0.102 0.769 0.118 likelihood = 26400.33681296 iter 4
0.021 0.000 0.000 0.925 0.020 0.089 0.771 0.095 likelihood = 26397.13971755 iter 5
0.036 0.000 0.000 0.925 0.024 0.074 0.775 0.067 likelihood = 26395.37707896 iter 6
0.047 0.010 0.008 0.927 0.029 0.059 0.780 0.049 likelihood = 26394.04083015 iter 7
delta is negative -9.503534 	0.140 0.059 0.041 0.933 0.096 0.000 0.821 0.000 likelihood = 26403.54436454 iter 8
0.070 0.022 0.016 0.929 0.046 0.044 0.791 0.037 likelihood = 26392.59468759 iter 9
delta is negative -1.561641 	0.112 0.065 0.050 0.936 0.064 0.000 0.814 0.000 likelihood = 26394.15632876 iter 10
0.082 0.034 0.026 0.931 0.051 0.031 0.797 0.026 likelihood = 26392.23885555 iter 11
Positive dir derivative in projection 
Using the backtracking step 
0.091 0.045 0.034 0.933 0.054 0.004 0.804 0.000 likelihood = 26390.21471937 iter 12
At iterate 10 f=2.639021e+04 |proj g| = 6.200569e+00
0.093 0.046 0.035 0.933 0.055 0.000 0.806 0.000 likelihood = 26390.03999812 iter 13
0.092 0.045 0.034 0.932 0.056 0.000 0.807 0.000 likelihood = 26390.01437042 iter 14
0.088 0.039 0.029 0.926 0.061 0.000 0.810 0.009 likelihood = 26389.90982789 iter 15
0.085 0.033 0.024 0.919 0.067 0.000 0.815 0.020 likelihood = 26389.84063643 iter 16
0.084 0.032 0.024 0.911 0.069 0.000 0.824 0.022 likelihood = 26389.78935101 iter 17
0.084 0.033 0.026 0.896 0.070 0.000 0.841 0.020 likelihood = 26389.73616193 iter 18
0.085 0.034 0.027 0.894 0.069 0.000 0.844 0.018 likelihood = 26389.73176879 iter 19
0.085 0.034 0.027 0.894 0.068 0.000 0.844 0.017 likelihood = 26389.73129489 iter 20
0.085 0.034 0.027 0.894 0.068 0.000 0.844 0.017 likelihood = 26389.73128486 iter 21

	* * *

Tit   = total number of iterations
Tnf   = total number of function evaluations
Tnint = total number of segments explored during Cauchy searches
Skip  = number of BFGS updates skipped
Nact  = number of active bounds at final generalized Cuachy point
Projg = norm of the final projected gradient
F     = final function value

	* * *
N	Tit	Tnf	Tnint	Skip	Nact	Projg	F
8	19	22	29	0	1	1.171768e-01	2.638973e+04
F = 26389.731285
CONVERGENCE: REL_REDUCTION_OF_F_<=_FACTR*EPSMCH             
Cauchy time 0 seconds.
Subspace minimization time 0 seconds.
Line search time 0 seconds.
Total User time 0 seconds.
derivative for 0: 0.084855 bounds:1 [0.000000-1.000000] -0.117177 26389.731285
derivative for 1: 0.034438 bounds:1 [0.000000-1.000000] 0.087659 26389.731285
derivative for 2: 0.027273 bounds:1 [0.000000-1.000000] 0.029705 26389.731285
derivative for 3: 0.894240 bounds:1 [0.000000-1.000000] 0.003526 26389.731285
derivative for 4: 0.067990 bounds:1 [0.000000-1.000000] 0.048608 26389.731285
derivative for 5: 0.000000 bounds:1 [0.000000-1.000000] 40.665055 26389.731285
derivative for 6: 0.843992 bounds:1 [0.000000-1.000000] -0.000004 26389.731285
derivative for 7: 0.017268 bounds:1 [0.000000-1.000000] -0.019715 26389.731285

YRI:0.158 CHB:0.251 CHD:0.129 TSI:0.032 MKK:0.032 LWK:0.136 CEU:0.074 JPT:0.188  initial sol 29426.322222
RUNNING THE L-BFGS-B CODE

	* * *

Machine precision = 2.220446e-16
 N = 8, M = 20
ITERATION 0
0.158 0.251 0.129 0.032 0.032 0.136 0.074 0.188 likelihood = 29426.32222225 iter 0
At iteration 0 f=29426.322222	|proj g| = 7.755300e+03
0.158 0.251 0.129 0.729 0.157 0.136 0.780 0.188 likelihood = 26793.93138544 iter 1
0.097 0.191 0.069 0.765 0.115 0.074 0.816 0.127 likelihood = 26562.76529631 iter 2
0.000 0.000 0.000 0.825 0.000 0.000 0.872 0.000 likelihood = 26499.96536669 iter 3
0.066 0.129 0.047 0.784 0.078 0.050 0.834 0.086 likelihood = 26453.46846574 iter 4
delta is negative -20.920589 	0.000 0.000 0.000 0.810 0.023 0.000 0.853 0.000 likelihood = 26474.38905479 iter 5
0.033 0.065 0.023 0.797 0.050 0.025 0.844 0.043 likelihood = 26398.29400875 iter 6
0.045 0.040 0.008 0.800 0.057 0.032 0.844 0.023 likelihood = 26392.23811195 iter 7
0.053 0.044 0.008 0.800 0.063 0.032 0.843 0.025 likelihood = 26391.68457051 iter 8
0.055 0.044 0.008 0.800 0.064 0.028 0.842 0.024 likelihood = 26391.47992974 iter 9
0.061 0.045 0.005 0.802 0.068 0.014 0.839 0.022 likelihood = 26390.81606118 iter 10
delta is negative -2.447409 	0.095 0.054 0.000 0.809 0.093 0.000 0.826 0.017 likelihood = 26393.26347064 iter 11
0.068 0.047 0.004 0.803 0.073 0.011 0.837 0.021 likelihood = 26390.61687409 iter 12
Positive dir derivative in projection 
Using the backtracking step 
0.070 0.048 0.004 0.805 0.074 0.000 0.835 0.021 likelihood = 26390.10050651 iter 13
0.072 0.049 0.004 0.806 0.075 0.000 0.834 0.021 likelihood = 26390.02963907 iter 14
At iterate 10 f=2.639003e+04 |proj g| = 5.571417e+00
0.073 0.049 0.005 0.806 0.075 0.000 0.833 0.021 likelihood = 26390.01626259 iter 15
0.076 0.048 0.007 0.810 0.073 0.000 0.831 0.020 likelihood = 26389.97318492 iter 16
0.080 0.045 0.013 0.817 0.069 0.000 0.826 0.018 likelihood = 26389.90840511 iter 17
0.085 0.041 0.020 0.827 0.062 0.000 0.818 0.016 likelihood = 26389.83050117 iter 18
0.085 0.035 0.026 0.839 0.060 0.000 0.807 0.014 likelihood = 26389.75614644 iter 19
0.082 0.033 0.028 0.846 0.063 0.000 0.800 0.014 likelihood = 26389.73378589 iter 20
0.081 0.033 0.027 0.846 0.064 0.000 0.800 0.015 likelihood = 26389.73241841 iter 21
0.080 0.033 0.027 0.846 0.064 0.000 0.800 0.015 likelihood = 26389.73167378 iter 22
0.080 0.033 0.026 0.847 0.065 0.000 0.799 0.016 likelihood = 26389.73143165 iter 23
0.080 0.032 0.026 0.847 0.065 0.000 0.799 0.016 likelihood = 26389.73136408 iter 24
At iterate 20 f=2.638973e+04 |proj g| = 8.031982e-02
0.080 0.032 0.026 0.847 0.064 0.000 0.799 0.016 likelihood = 26389.73129892 iter 25
0.080 0.032 0.026 0.847 0.064 0.000 0.799 0.017 likelihood = 26389.73125399 iter 26

	* * *

Tit   = total number of iterations
Tnf   = total number of function evaluations
Tnint = total number of segments explored during Cauchy searches
Skip  = number of BFGS updates skipped
Nact  = number of active bounds at final generalized Cuachy point
Projg = norm of the final projected gradient
F     = final function value

	* * *
N	Tit	Tnf	Tnint	Skip	Nact	Projg	F
8	22	27	37	0	1	3.342570e-02	2.638973e+04
F = 26389.731254
CONVERGENCE: REL_REDUCTION_OF_F_<=_FACTR*EPSMCH             
Cauchy time 0 seconds.
Subspace minimization time 0 seconds.
Line search time 0 seconds.
Total User time 0 seconds.
derivative for 0: 0.080487 bounds:1 [0.000000-1.000000] 0.025142 26389.731254
derivative for 1: 0.032143 bounds:1 [0.000000-1.000000] 0.014342 26389.731254
derivative for 2: 0.026076 bounds:1 [0.000000-1.000000] 0.023859 26389.731254
derivative for 3: 0.846810 bounds:1 [0.000000-1.000000] -0.002614 26389.731254
derivative for 4: 0.064225 bounds:1 [0.000000-1.000000] 0.033426 26389.731254
derivative for 5: 0.000000 bounds:1 [0.000000-1.000000] 43.027054 26389.731254
derivative for 6: 0.799214 bounds:1 [0.000000-1.000000] -0.004333 26389.731254
derivative for 7: 0.016561 bounds:1 [0.000000-1.000000] 0.025506 26389.731254

RUNNING THE L-BFGS-B CODE

	* * *

Machine precision = 2.220446e-16
 N = 8, M = 20
ITERATION 2
0.000 0.032 0.026 0.847 0.064 0.000 0.799 0.017 likelihood = 26412.19509484 iter 0
At iteration 0 f=26412.195095	|proj g| = 4.170129e+02
0.000 0.336 0.327 0.845 0.913 0.000 0.798 0.329 likelihood = 27115.77326286 iter 1
0.000 0.067 0.061 0.847 0.162 0.000 0.799 0.053 likelihood = 26410.36340541 iter 2
0.000 0.048 0.042 0.848 0.136 0.000 0.800 0.033 likelihood = 26397.27146927 iter 3
0.000 0.035 0.029 0.847 0.138 0.000 0.800 0.020 likelihood = 26394.63062438 iter 4
0.000 0.034 0.028 0.847 0.150 0.000 0.800 0.020 likelihood = 26394.04765171 iter 5
0.000 0.034 0.027 0.847 0.158 0.000 0.800 0.019 likelihood = 26393.93030373 iter 6
0.000 0.034 0.027 0.847 0.159 0.000 0.800 0.019 likelihood = 26393.92977328 iter 7
0.000 0.034 0.027 0.847 0.159 0.000 0.800 0.019 likelihood = 26393.92933767 iter 8
0.000 0.034 0.027 0.846 0.160 0.000 0.801 0.019 likelihood = 26393.92784513 iter 9
0.000 0.034 0.026 0.844 0.160 0.000 0.803 0.020 likelihood = 26393.92525390 iter 10
0.000 0.034 0.026 0.841 0.160 0.000 0.806 0.020 likelihood = 26393.92165188 iter 11
At iterate 10 f=2.639392e+04 |proj g| = 8.029874e-01
0.000 0.034 0.026 0.839 0.159 0.000 0.808 0.020 likelihood = 26393.91903473 iter 12
0.000 0.034 0.026 0.839 0.159 0.000 0.808 0.020 likelihood = 26393.91902949 iter 13
prevld 26393.919035 current 26393.919029 delta 0.000005 
derivative for 0: 0.000000 bounds:2 [0.000000-0.000000] -104.676248 26393.919029
derivative for 1: 0.034265 bounds:1 [0.000000-1.000000] 0.026512 26393.919029
derivative for 2: 0.025657 bounds:1 [0.000000-1.000000] 0.079134 26393.919029
derivative for 3: 0.838902 bounds:1 [0.000000-1.000000] -0.016341 26393.919029
derivative for 4: 0.159179 bounds:1 [0.000000-1.000000] 0.066582 26393.919029
derivative for 5: 0.000000 bounds:2 [0.000000-0.000000] -22.243802 26393.919029
derivative for 6: 0.808472 bounds:1 [0.000000-1.000000] 0.001043 26393.919029
derivative for 7: 0.019841 bounds:1 [0.000000-1.000000] -0.033857 26393.919029

maxval -26393.919029 for POP YRI delta 4.187776 YRI:0.0000 CHB:0.0182 CHD:0.0136 TSI:0.4447 MKK:0.0844 LWK:0.0000 CEU:0.4286 JPT:0.0105 
RUNNING THE L-BFGS-B CODE

	* * *

Machine precision = 2.220446e-16
 N = 8, M = 20
ITERATION 2
0.080 0.000 0.014 0.445 0.084 0.000 0.429 0.011 likelihood = 26431.59620083 iter 0
At iteration 0 f=26431.596201	|proj g| = 1.749717e+02
0.080 0.000 0.020 1.107 0.084 0.000 1.178 0.010 likelihood = 26400.31147482 iter 1
0.087 0.000 0.033 1.103 0.089 0.000 1.172 0.023 likelihood = 26394.39257956 iter 2
0.096 0.000 0.053 1.061 0.095 0.000 1.122 0.043 likelihood = 26390.25003507 iter 3
0.097 0.000 0.055 1.054 0.095 0.000 1.113 0.045 likelihood = 26390.19387090 iter 4
0.098 0.000 0.055 1.053 0.095 0.000 1.110 0.044 likelihood = 26390.17752914 iter 5
0.101 0.000 0.055 1.051 0.095 0.000 1.101 0.042 likelihood = 26390.13540929 iter 6
0.102 0.000 0.055 1.050 0.094 0.000 1.092 0.040 likelihood = 26390.10843943 iter 7
0.105 0.000 0.056 1.041 0.087 0.000 1.053 0.033 likelihood = 26390.00987685 iter 8
0.105 0.000 0.060 1.023 0.077 0.000 0.994 0.027 likelihood = 26389.90149812 iter 9
0.096 0.000 0.062 1.019 0.079 0.000 0.953 0.028 likelihood = 26389.83410238 iter 10
At iterate 10 f=2.638983e+04 |proj g| = 1.138903e+00
0.097 0.000 0.061 1.024 0.079 0.000 0.966 0.028 likelihood = 26389.82689875 iter 11
0.097 0.000 0.061 1.024 0.079 0.000 0.967 0.028 likelihood = 26389.82640597 iter 12
0.097 0.000 0.061 1.023 0.078 0.000 0.966 0.028 likelihood = 26389.82583967 iter 13
0.097 0.000 0.061 1.023 0.078 0.000 0.966 0.028 likelihood = 26389.82578043 iter 14
0.097 0.000 0.060 1.023 0.077 0.000 0.965 0.030 likelihood = 26389.82543844 iter 15
0.097 0.000 0.060 1.023 0.078 0.000 0.965 0.030 likelihood = 26389.82543394 iter 16
prevld 26389.825438 current 26389.825434 delta 0.000004 
derivative for 0: 0.097418 bounds:1 [0.000000-1.000000] 0.003314 26389.825434
derivative for 1: 0.000000 bounds:2 [0.000000-0.000000] -4.844262 26389.825434
derivative for 2: 0.059950 bounds:1 [0.000000-1.000000] 0.001297 26389.825434
derivative for 3: 1.022985 bounds:1 [0.000000-1.000000] -0.000904 26389.825434
derivative for 4: 0.077540 bounds:1 [0.000000-1.000000] -0.002802 26389.825434
derivative for 5: 0.000000 bounds:2 [0.000000-0.000000] 35.524112 26389.825434
derivative for 6: 0.965488 bounds:1 [0.000000-1.000000] 0.000757 26389.825434
derivative for 7: 0.029710 bounds:1 [0.000000-1.000000] 0.000349 26389.825434

maxval -26389.825434 for POP CHB delta 0.094180 YRI:0.0432 CHB:0.0000 CHD:0.0266 TSI:0.4540 MKK:0.0344 LWK:0.0000 CEU:0.4285 JPT:0.0132 
RUNNING THE L-BFGS-B CODE

	* * *

Machine precision = 2.220446e-16
 N = 8, M = 20
ITERATION 2
0.043 0.032 0.000 0.454 0.034 0.000 0.429 0.013 likelihood = 26389.99188479 iter 0
At iteration 0 f=26389.991885	|proj g| = 5.492890e+00
0.038 0.028 0.000 1.147 0.030 0.000 1.150 0.011 likelihood = 26428.14702774 iter 1
0.043 0.032 0.000 0.485 0.034 0.000 0.461 0.013 likelihood = 26390.02802253 iter 2
0.043 0.032 0.000 0.468 0.034 0.000 0.443 0.013 likelihood = 26389.91271055 iter 3
0.044 0.031 0.000 0.467 0.035 0.000 0.442 0.012 likelihood = 26389.84795521 iter 4
0.044 0.030 0.000 0.466 0.035 0.000 0.441 0.011 likelihood = 26389.80217627 iter 5
0.044 0.030 0.000 0.466 0.035 0.000 0.441 0.011 likelihood = 26389.80211759 iter 6
0.044 0.030 0.000 0.466 0.035 0.000 0.441 0.011 likelihood = 26389.80211229 iter 7
prevld 26389.802118 current 26389.802112 delta 0.000005 
derivative for 0: 0.044405 bounds:1 [0.000000-1.000000] 0.146112 26389.802112
derivative for 1: 0.029961 bounds:1 [0.000000-1.000000] 0.136448 26389.802112
derivative for 2: 0.000000 bounds:2 [0.000000-0.000000] -9.771615 26389.802112
derivative for 3: 0.465961 bounds:1 [0.000000-1.000000] -0.159336 26389.802112
derivative for 4: 0.035329 bounds:1 [0.000000-1.000000] -0.264406 26389.802112
derivative for 5: 0.000000 bounds:2 [0.000000-0.000000] 78.090025 26389.802112
derivative for 6: 0.440835 bounds:1 [0.000000-1.000000] 0.168264 26389.802112
derivative for 7: 0.011062 bounds:1 [0.000000-1.000000] -0.105505 26389.802112

maxval -26389.802112 for POP CHD delta 0.070858 YRI:0.0432 CHB:0.0292 CHD:0.0000 TSI:0.4535 MKK:0.0344 LWK:0.0000 CEU:0.4290 JPT:0.0108 
RUNNING THE L-BFGS-B CODE

	* * *

Machine precision = 2.220446e-16
 N = 8, M = 20
ITERATION 2
0.043 0.029 0.026 0.000 0.034 0.000 0.429 0.011 likelihood = 26553.19093425 iter 0
At iteration 0 f=26553.190934	|proj g| = 4.588139e+02
0.043 0.029 0.026 0.000 0.034 0.000 1.429 0.011 likelihood = 26525.85118568 iter 1
0.054 0.031 0.028 0.000 0.045 0.000 1.440 0.013 likelihood = 26512.50479766 iter 2
0.077 0.033 0.029 0.000 0.070 0.000 1.365 0.016 likelihood = 26497.15285486 iter 3
0.081 0.033 0.028 0.000 0.078 0.000 1.325 0.017 likelihood = 26496.31625692 iter 4
0.079 0.032 0.028 0.000 0.081 0.000 1.321 0.017 likelihood = 26496.14153886 iter 5
0.072 0.032 0.026 0.000 0.092 0.000 1.306 0.019 likelihood = 26495.56668311 iter 6
0.041 0.030 0.020 0.000 0.130 0.000 1.280 0.025 likelihood = 26494.20158425 iter 7
0.034 0.031 0.016 0.000 0.136 0.000 1.305 0.032 likelihood = 26494.06811651 iter 8
0.033 0.030 0.015 0.000 0.136 0.000 1.302 0.031 likelihood = 26494.05526146 iter 9
0.033 0.030 0.015 0.000 0.136 0.000 1.302 0.031 likelihood = 26494.05312433 iter 10
0.034 0.030 0.014 0.000 0.136 0.000 1.303 0.031 likelihood = 26494.05174271 iter 11
At iterate 10 f=2.649405e+04 |proj g| = 2.838602e+00
0.034 0.030 0.012 0.000 0.136 0.000 1.305 0.033 likelihood = 26494.04823607 iter 12
0.034 0.031 0.010 0.000 0.136 0.000 1.307 0.035 likelihood = 26494.04573194 iter 13
0.034 0.031 0.009 0.000 0.136 0.000 1.308 0.035 likelihood = 26494.04454618 iter 14
0.034 0.032 0.009 0.000 0.136 0.000 1.308 0.035 likelihood = 26494.04413411 iter 15
0.034 0.032 0.008 0.000 0.136 0.000 1.308 0.035 likelihood = 26494.04373879 iter 16
0.034 0.034 0.008 0.000 0.136 0.000 1.308 0.035 likelihood = 26494.04297254 iter 17
0.034 0.035 0.007 0.000 0.136 0.000 1.307 0.034 likelihood = 26494.04209409 iter 18
0.034 0.036 0.006 0.000 0.136 0.000 1.307 0.034 likelihood = 26494.04168117 iter 19
0.034 0.036 0.006 0.000 0.136 0.000 1.307 0.034 likelihood = 26494.04164860 iter 20

	* * *

Tit   = total number of iterations
Tnf   = total number of function evaluations
Tnint = total number of segments explored during Cauchy searches
Skip  = number of BFGS updates skipped
Nact  = number of active bounds at final generalized Cuachy point
Projg = norm of the final projected gradient
F     = final function value

	* * *
N	Tit	Tnf	Tnint	Skip	Nact	Projg	F
8	19	21	24	0	2	3.600532e-02	2.649404e+04
F = 26494.041649
CONVERGENCE: REL_REDUCTION_OF_F_<=_FACTR*EPSMCH             
Cauchy time 0 seconds.
Subspace minimization time 0 seconds.
Line search time 0 seconds.
Total User time 0 seconds.
derivative for 0: 0.034230 bounds:1 [0.000000-1.000000] 0.015058 26494.041649
derivative for 1: 0.036005 bounds:1 [0.000000-1.000000] 0.078212 26494.041649
derivative for 2: 0.006183 bounds:1 [0.000000-1.000000] 0.059696 26494.041649
derivative for 3: 0.000000 bounds:2 [0.000000-0.000000] -300.175609 26494.041649
derivative for 4: 0.136173 bounds:1 [0.000000-1.000000] 0.014456 26494.041649
derivative for 5: 0.000000 bounds:2 [0.000000-0.000000] 54.681747 26494.041649
derivative for 6: 1.307341 bounds:1 [0.000000-1.000000] -0.005797 26494.041649
derivative for 7: 0.033638 bounds:1 [0.000000-1.000000] 0.056771 26494.041649

maxval -26494.041649 for POP TSI delta 104.310395 YRI:0.0220 CHB:0.0232 CHD:0.0040 TSI:0.0000 MKK:0.0877 LWK:0.0000 CEU:0.8415 JPT:0.0217 
RUNNING THE L-BFGS-B CODE

	* * *

Machine precision = 2.220446e-16
 N = 8, M = 20
ITERATION 2
0.022 0.023 0.004 0.847 0.000 0.000 0.842 0.022 likelihood = 26439.20859875 iter 0
At iteration 0 f=26439.208599	|proj g| = 9.635902e+02
0.846 0.351 0.332 0.846 0.000 0.000 0.841 0.347 likelihood = 27277.01285276 iter 1
0.164 0.080 0.061 0.847 0.000 0.000 0.841 0.078 likelihood = 26426.76096686 iter 2
0.129 0.055 0.036 0.849 0.000 0.000 0.843 0.053 likelihood = 26398.34880233 iter 3
0.111 0.029 0.010 0.850 0.000 0.000 0.842 0.026 likelihood = 26392.93896218 iter 4
0.123 0.036 0.017 0.851 0.000 0.000 0.843 0.033 likelihood = 26391.58680355 iter 5
0.125 0.035 0.016 0.851 0.000 0.000 0.842 0.032 likelihood = 26391.49935360 iter 6
0.128 0.034 0.015 0.852 0.000 0.000 0.841 0.030 likelihood = 26391.46054684 iter 7
0.128 0.034 0.016 0.852 0.000 0.000 0.841 0.029 likelihood = 26391.45229476 iter 8
0.130 0.035 0.019 0.858 0.000 0.000 0.834 0.024 likelihood = 26391.39929053 iter 9
0.130 0.036 0.024 0.866 0.000 0.000 0.827 0.018 likelihood = 26391.35257942 iter 10
0.128 0.036 0.027 0.876 0.000 0.000 0.817 0.014 likelihood = 26391.30951039 iter 11
At iterate 10 f=2.639131e+04 |proj g| = 5.940581e+00
0.127 0.036 0.028 0.878 0.000 0.000 0.815 0.014 likelihood = 26391.30281408 iter 12
0.127 0.036 0.028 0.879 0.000 0.000 0.814 0.015 likelihood = 26391.30189003 iter 13
0.127 0.035 0.028 0.879 0.000 0.000 0.814 0.016 likelihood = 26391.30067670 iter 14
0.127 0.034 0.027 0.880 0.000 0.000 0.813 0.018 likelihood = 26391.29934567 iter 15
0.127 0.034 0.027 0.881 0.000 0.000 0.812 0.018 likelihood = 26391.29885122 iter 16
0.127 0.034 0.027 0.881 0.000 0.000 0.812 0.018 likelihood = 26391.29881658 iter 17

	* * *

Tit   = total number of iterations
Tnf   = total number of function evaluations
Tnint = total number of segments explored during Cauchy searches
Skip  = number of BFGS updates skipped
Nact  = number of active bounds at final generalized Cuachy point
Projg = norm of the final projected gradient
F     = final function value

	* * *
N	Tit	Tnf	Tnint	Skip	Nact	Projg	F
8	16	18	18	0	2	9.288373e-02	2.639130e+04
F = 26391.298817
CONVERGENCE: REL_REDUCTION_OF_F_<=_FACTR*EPSMCH             
Cauchy time 0 seconds.
Subspace minimization time 0 seconds.
Line search time 0 seconds.
Total User time 0 seconds.
derivative for 0: 0.127235 bounds:1 [0.000000-1.000000] 0.015330 26391.298817
derivative for 1: 0.033588 bounds:1 [0.000000-1.000000] 0.094207 26391.298817
derivative for 2: 0.027319 bounds:1 [0.000000-1.000000] -0.092884 26391.298817
derivative for 3: 0.880802 bounds:1 [0.000000-1.000000] 0.021848 26391.298817
derivative for 4: 0.000000 bounds:2 [0.000000-0.000000] -48.089472 26391.298817
derivative for 5: 0.000000 bounds:2 [0.000000-0.000000] 22.015745 26391.298817
derivative for 6: 0.812151 bounds:1 [0.000000-1.000000] -0.027515 26391.298817
derivative for 7: 0.018172 bounds:1 [0.000000-1.000000] 0.028879 26391.298817

maxval -26391.298817 for POP MKK delta 1.567563 YRI:0.0670 CHB:0.0177 CHD:0.0144 TSI:0.4638 MKK:0.0000 LWK:0.0000 CEU:0.4276 JPT:0.0096 
RUNNING THE L-BFGS-B CODE

	* * *

Machine precision = 2.220446e-16
 N = 8, M = 20
ITERATION 2
0.067 0.018 0.014 0.464 0.064 0.000 0.000 0.010 likelihood = 26621.98100055 iter 0
At iteration 0 f=26621.981001	|proj g| = 7.077041e+02
0.067 0.018 0.014 1.464 0.064 0.000 0.000 0.010 likelihood = 26497.76747822 iter 1
0.069 0.026 0.023 1.479 0.065 0.000 0.000 0.018 likelihood = 26492.41484780 iter 2
0.070 0.034 0.031 1.481 0.065 0.000 0.000 0.025 likelihood = 26490.42354627 iter 3
0.071 0.036 0.033 1.482 0.065 0.000 0.000 0.026 likelihood = 26490.34237113 iter 4
0.071 0.036 0.034 1.482 0.065 0.000 0.000 0.026 likelihood = 26490.33228925 iter 5
0.073 0.037 0.036 1.485 0.064 0.000 0.000 0.024 likelihood = 26490.30928578 iter 6
0.076 0.038 0.037 1.487 0.062 0.000 0.000 0.022 likelihood = 26490.28615812 iter 7
0.079 0.039 0.040 1.487 0.058 0.000 0.000 0.017 likelihood = 26490.25187916 iter 8
0.078 0.041 0.045 1.472 0.054 0.000 0.000 0.012 likelihood = 26490.24244932 iter 9
0.079 0.040 0.044 1.478 0.055 0.000 0.000 0.012 likelihood = 26490.22769878 iter 10
At iterate 10 f=2.649023e+04 |proj g| = 2.412298e-01
0.079 0.040 0.043 1.478 0.055 0.000 0.000 0.012 likelihood = 26490.22678021 iter 11
0.079 0.040 0.044 1.477 0.055 0.000 0.000 0.012 likelihood = 26490.22645175 iter 12
0.078 0.040 0.044 1.477 0.055 0.000 0.000 0.011 likelihood = 26490.22605793 iter 13
0.078 0.040 0.044 1.476 0.056 0.000 0.000 0.011 likelihood = 26490.22533179 iter 14
0.078 0.039 0.045 1.476 0.056 0.000 0.000 0.010 likelihood = 26490.22471857 iter 15
0.078 0.039 0.045 1.476 0.057 0.000 0.000 0.010 likelihood = 26490.22464175 iter 16
0.078 0.039 0.046 1.476 0.057 0.000 0.000 0.010 likelihood = 26490.22462603 iter 17

	* * *

Tit   = total number of iterations
Tnf   = total number of function evaluations
Tnint = total number of segments explored during Cauchy searches
Skip  = number of BFGS updates skipped
Nact  = number of active bounds at final generalized Cuachy point
Projg = norm of the final projected gradient
F     = final function value

	* * *
N	Tit	Tnf	Tnint	Skip	Nact	Projg	F
8	17	18	22	0	2	7.771930e-02	2.649022e+04
F = 26490.224626
CONVERGENCE: REL_REDUCTION_OF_F_<=_FACTR*EPSMCH             
Cauchy time 0 seconds.
Subspace minimization time 0 seconds.
Line search time 0 seconds.
Total User time 0 seconds.
derivative for 0: 0.077719 bounds:1 [0.000000-1.000000] 0.226708 26490.224626
derivative for 1: 0.039266 bounds:1 [0.000000-1.000000] 0.401745 26490.224626
derivative for 2: 0.045511 bounds:1 [0.000000-1.000000] 0.071538 26490.224626
derivative for 3: 1.476052 bounds:1 [0.000000-1.000000] -0.035687 26490.224626
derivative for 4: 0.056569 bounds:1 [0.000000-1.000000] 0.271531 26490.224626
derivative for 5: 0.000000 bounds:2 [0.000000-0.000000] 52.180808 26490.224626
derivative for 6: 0.000000 bounds:2 [0.000000-0.000000] -284.887549 26490.224626
derivative for 7: 0.010229 bounds:1 [0.000000-1.000000] 0.065085 26490.224626

maxval -26490.224626 for POP CEU delta 100.493372 YRI:0.0456 CHB:0.0230 CHD:0.0267 TSI:0.8655 MKK:0.0332 LWK:0.0000 CEU:0.0000 JPT:0.0060 
RUNNING THE L-BFGS-B CODE

	* * *

Machine precision = 2.220446e-16
 N = 8, M = 20
ITERATION 2
0.046 0.023 0.027 0.866 0.033 0.000 0.799 0.000 likelihood = 26404.62780842 iter 0
At iteration 0 f=26404.627808	|proj g| = 4.499255e+02
0.749 0.363 0.364 0.864 0.558 0.000 0.798 0.000 likelihood = 27321.90659408 iter 1
0.125 0.062 0.065 0.865 0.093 0.000 0.799 0.000 likelihood = 26406.82259389 iter 2
0.081 0.040 0.044 0.865 0.059 0.000 0.799 0.000 likelihood = 26389.97173833 iter 3
0.082 0.039 0.042 0.865 0.060 0.000 0.799 0.000 likelihood = 26389.89233380 iter 4
0.084 0.036 0.039 0.865 0.062 0.000 0.799 0.000 likelihood = 26389.81281643 iter 5
0.084 0.036 0.039 0.865 0.062 0.000 0.800 0.000 likelihood = 26389.81202716 iter 6
0.083 0.037 0.038 0.863 0.064 0.000 0.801 0.000 likelihood = 26389.80618291 iter 7
0.082 0.038 0.037 0.862 0.066 0.000 0.803 0.000 likelihood = 26389.80271390 iter 8
0.081 0.040 0.035 0.859 0.066 0.000 0.806 0.000 likelihood = 26389.79686721 iter 9
0.081 0.042 0.033 0.857 0.066 0.000 0.809 0.000 likelihood = 26389.79498680 iter 10
0.081 0.042 0.033 0.857 0.066 0.000 0.809 0.000 likelihood = 26389.79477871 iter 11
0.082 0.042 0.033 0.857 0.065 0.000 0.809 0.000 likelihood = 26389.79467936 iter 12
At iterate 10 f=2.638979e+04 |proj g| = 4.132381e-01
0.082 0.042 0.033 0.857 0.065 0.000 0.809 0.000 likelihood = 26389.79461307 iter 13
0.082 0.043 0.032 0.857 0.065 0.000 0.809 0.000 likelihood = 26389.79457334 iter 14

	* * *

Tit   = total number of iterations
Tnf   = total number of function evaluations
Tnint = total number of segments explored during Cauchy searches
Skip  = number of BFGS updates skipped
Nact  = number of active bounds at final generalized Cuachy point
Projg = norm of the final projected gradient
F     = final function value

	* * *
N	Tit	Tnf	Tnint	Skip	Nact	Projg	F
8	12	15	14	0	2	8.176090e-02	2.638979e+04
F = 26389.794573
CONVERGENCE: REL_REDUCTION_OF_F_<=_FACTR*EPSMCH             
Cauchy time 0 seconds.
Subspace minimization time 0 seconds.
Line search time 0 seconds.
Total User time 0 seconds.
derivative for 0: 0.081761 bounds:1 [0.000000-1.000000] 0.297417 26389.794573
derivative for 1: 0.042503 bounds:1 [0.000000-1.000000] 0.102086 26389.794573
derivative for 2: 0.032373 bounds:1 [0.000000-1.000000] 0.230528 26389.794573
derivative for 3: 0.857017 bounds:1 [0.000000-1.000000] -0.081137 26389.794573
derivative for 4: 0.065069 bounds:1 [0.000000-1.000000] 0.131327 26389.794573
derivative for 5: 0.000000 bounds:2 [0.000000-0.000000] 42.732771 26389.794573
derivative for 6: 0.808798 bounds:1 [0.000000-1.000000] 0.030752 26389.794573
derivative for 7: 0.000000 bounds:2 [0.000000-0.000000] -7.426911 26389.794573

maxval -26389.794573 for POP JPT delta 0.063319 YRI:0.0433 CHB:0.0225 CHD:0.0172 TSI:0.4540 MKK:0.0345 LWK:0.0000 CEU:0.4285 JPT:0.0000 
contribution of ancestry from pop JPT is not significant: delta 0.063319 admixture_prop 0.016561 6
YRI:0.0433 CHB:0.0225 CHD:0.0172 TSI:0.4540 MKK:0.0345 LWK:0.0000 CEU:0.4285 JPT:0.0000 
RUNNING THE L-BFGS-B CODE

	* * *

Machine precision = 2.220446e-16
 N = 8, M = 20
ITERATION 3
0.000 0.023 0.017 0.454 0.034 0.000 0.428 0.000 likelihood = 26412.44210158 iter 0
At iteration 0 f=26412.442102	|proj g| = 7.819968e+02
0.000 0.342 0.334 0.454 0.927 0.000 0.428 0.000 likelihood = 27511.96773899 iter 1
0.000 0.060 0.054 0.454 0.139 0.000 0.428 0.000 likelihood = 26439.46415238 iter 2
0.000 0.035 0.029 0.454 0.069 0.000 0.428 0.000 likelihood = 26397.55517884 iter 3
0.000 0.032 0.027 0.454 0.072 0.000 0.429 0.000 likelihood = 26396.18726387 iter 4
0.000 0.023 0.018 0.454 0.084 0.000 0.428 0.000 likelihood = 26394.04980650 iter 5
0.000 0.024 0.018 0.454 0.085 0.000 0.429 0.000 likelihood = 26394.02327393 iter 6
0.000 0.024 0.018 0.454 0.085 0.000 0.429 0.000 likelihood = 26394.02157120 iter 7
0.000 0.024 0.018 0.454 0.085 0.000 0.429 0.000 likelihood = 26394.02135965 iter 8
0.000 0.024 0.018 0.454 0.086 0.000 0.429 0.000 likelihood = 26394.02072442 iter 9
0.000 0.024 0.018 0.453 0.086 0.000 0.430 0.000 likelihood = 26394.01860858 iter 10
0.000 0.025 0.018 0.451 0.086 0.000 0.432 0.000 likelihood = 26394.01411975 iter 11
0.000 0.025 0.017 0.450 0.086 0.000 0.433 0.000 likelihood = 26394.01215806 iter 12
0.000 0.025 0.017 0.450 0.086 0.000 0.433 0.000 likelihood = 26394.01195432 iter 13
At iterate 10 f=2.639401e+04 |proj g| = 8.555486e-02
0.000 0.025 0.017 0.450 0.086 0.000 0.433 0.000 likelihood = 26394.01194899 iter 14
prevld 26394.011954 current 26394.011949 delta 0.000005 
derivative for 0: 0.000000 bounds:2 [0.000000-0.000000] -196.561854 26394.011949
derivative for 1: 0.024876 bounds:1 [0.000000-1.000000] -0.105142 26394.011949
derivative for 2: 0.017340 bounds:1 [0.000000-1.000000] 0.091561 26394.011949
derivative for 3: 0.449703 bounds:1 [0.000000-1.000000] -0.024106 26394.011949
derivative for 4: 0.085532 bounds:1 [0.000000-1.000000] -0.013885 26394.011949
derivative for 5: 0.000000 bounds:2 [0.000000-0.000000] -42.301818 26394.011949
derivative for 6: 0.432910 bounds:1 [0.000000-1.000000] 0.030159 26394.011949
derivative for 7: 0.000000 bounds:2 [0.000000-0.000000] -17.419580 26394.011949

maxval -26394.011949 for POP YRI delta 4.217376 YRI:0.0000 CHB:0.0246 CHD:0.0172 TSI:0.4451 MKK:0.0847 LWK:0.0000 CEU:0.4285 JPT:0.0000 
RUNNING THE L-BFGS-B CODE

	* * *

Machine precision = 2.220446e-16
 N = 8, M = 20
ITERATION 3
0.043 0.000 0.017 0.445 0.085 0.000 0.428 0.000 likelihood = 26403.61524442 iter 0
At iteration 0 f=26403.615244	|proj g| = 1.654926e+02
0.043 0.000 0.890 0.756 0.084 0.000 0.806 0.000 likelihood = 26962.77550898 iter 1
0.043 0.000 0.072 0.464 0.085 0.000 0.452 0.000 likelihood = 26408.19054373 iter 2
0.043 0.000 0.035 0.451 0.085 0.000 0.436 0.000 likelihood = 26401.80201862 iter 3
0.029 0.000 0.036 0.454 0.072 0.000 0.440 0.000 likelihood = 26392.48676119 iter 4
0.022 0.000 0.039 0.456 0.064 0.000 0.442 0.000 likelihood = 26391.12976339 iter 5
0.023 0.000 0.040 0.457 0.063 0.000 0.442 0.000 likelihood = 26391.01438328 iter 6
0.027 0.000 0.041 0.457 0.061 0.000 0.443 0.000 likelihood = 26390.80120914 iter 7
0.034 0.000 0.043 0.459 0.052 0.000 0.444 0.000 likelihood = 26390.43232589 iter 8
0.043 0.000 0.042 0.460 0.041 0.000 0.444 0.000 likelihood = 26390.10177875 iter 9
0.045 0.000 0.040 0.461 0.035 0.000 0.443 0.000 likelihood = 26390.00352638 iter 10
0.045 0.000 0.040 0.461 0.035 0.000 0.443 0.000 likelihood = 26390.00066430 iter 11
0.044 0.000 0.040 0.461 0.036 0.000 0.442 0.000 likelihood = 26390.00028472 iter 12
At iterate 10 f=2.639000e+04 |proj g| = 1.972936e+00
0.044 0.000 0.040 0.461 0.036 0.000 0.442 0.000 likelihood = 26389.99936461 iter 13
0.044 0.000 0.040 0.462 0.036 0.000 0.441 0.000 likelihood = 26389.99682059 iter 14
0.044 0.000 0.040 0.463 0.036 0.000 0.439 0.000 likelihood = 26389.99338805 iter 15
0.044 0.000 0.040 0.465 0.035 0.000 0.438 0.000 likelihood = 26389.99092037 iter 16
0.044 0.000 0.040 0.465 0.035 0.000 0.438 0.000 likelihood = 26389.99091387 iter 17
prevld 26389.990920 current 26389.990914 delta 0.000007 
derivative for 0: 0.044446 bounds:1 [0.000000-1.000000] -0.024447 26389.990914
derivative for 1: 0.000000 bounds:2 [0.000000-0.000000] -16.886270 26389.990914
derivative for 2: 0.039748 bounds:1 [0.000000-1.000000] -0.018213 26389.990914
derivative for 3: 0.464819 bounds:1 [0.000000-1.000000] 0.004810 26389.990914
derivative for 4: 0.035369 bounds:1 [0.000000-1.000000] -0.018854 26389.990914
derivative for 5: 0.000000 bounds:2 [0.000000-0.000000] 78.146232 26389.990914
derivative for 6: 0.437967 bounds:1 [0.000000-1.000000] 0.000552 26389.990914
derivative for 7: 0.000000 bounds:2 [0.000000-0.000000] -24.602705 26389.990914

maxval -26389.990914 for POP CHB delta 0.196341 YRI:0.0435 CHB:0.0000 CHD:0.0389 TSI:0.4547 MKK:0.0346 LWK:0.0000 CEU:0.4284 JPT:0.0000 
RUNNING THE L-BFGS-B CODE

	* * *

Machine precision = 2.220446e-16
 N = 8, M = 20
ITERATION 3
0.043 0.023 0.000 0.455 0.035 0.000 0.428 0.000 likelihood = 26391.90726979 iter 0
At iteration 0 f=26391.907270	|proj g| = 2.466333e+02
0.336 0.953 0.000 0.453 0.256 0.000 0.427 0.000 likelihood = 27668.48339983 iter 1
0.056 0.061 0.000 0.455 0.044 0.000 0.428 0.000 likelihood = 26397.38612860 iter 2
0.047 0.034 0.000 0.455 0.037 0.000 0.428 0.000 likelihood = 26390.28495161 iter 3
0.046 0.036 0.000 0.455 0.036 0.000 0.429 0.000 likelihood = 26390.06825570 iter 4
0.043 0.039 0.000 0.455 0.035 0.000 0.429 0.000 likelihood = 26389.90309493 iter 5
0.043 0.039 0.000 0.455 0.035 0.000 0.429 0.000 likelihood = 26389.90300013 iter 6
0.043 0.039 0.000 0.455 0.035 0.000 0.429 0.000 likelihood = 26389.90299833 iter 7
prevld 26389.903000 current 26389.902998 delta 0.000002 
derivative for 0: 0.043330 bounds:1 [0.000000-1.000000] 0.067045 26389.902998
derivative for 1: 0.039367 bounds:1 [0.000000-1.000000] 0.012470 26389.902998
derivative for 2: 0.000000 bounds:2 [0.000000-0.000000] -12.883759 26389.902998
derivative for 3: 0.454842 bounds:1 [0.000000-1.000000] 0.152974 26389.902998
derivative for 4: 0.034628 bounds:1 [0.000000-1.000000] -0.060738 26389.902998
derivative for 5: 0.000000 bounds:2 [0.000000-0.000000] 80.205483 26389.902998
derivative for 6: 0.428742 bounds:1 [0.000000-1.000000] -0.165301 26389.902998
derivative for 7: 0.000000 bounds:2 [0.000000-0.000000] -18.529247 26389.902998

maxval -26389.902998 for POP CHD delta 0.108425 YRI:0.0433 CHB:0.0393 CHD:0.0000 TSI:0.4544 MKK:0.0346 LWK:0.0000 CEU:0.4284 JPT:0.0000 
RUNNING THE L-BFGS-B CODE

	* * *

Machine precision = 2.220446e-16
 N = 8, M = 20
ITERATION 3
0.043 0.039 0.017 0.454 0.000 0.000 0.428 0.000 likelihood = 26397.24244099 iter 0
At iteration 0 f=26397.242441	|proj g| = 4.475597e+02
1.043 0.039 0.017 0.453 0.000 0.000 0.427 0.000 likelihood = 28205.59183417 iter 1
0.095 0.039 0.017 0.454 0.000 0.000 0.428 0.000 likelihood = 26401.67678288 iter 2
0.064 0.039 0.017 0.454 0.000 0.000 0.428 0.000 likelihood = 26392.90177109 iter 3
0.065 0.036 0.014 0.455 0.000 0.000 0.428 0.000 likelihood = 26391.88370825 iter 4
0.067 0.031 0.009 0.455 0.000 0.000 0.429 0.000 likelihood = 26391.41305947 iter 5
0.067 0.031 0.010 0.455 0.000 0.000 0.428 0.000 likelihood = 26391.41022708 iter 6
0.067 0.031 0.010 0.455 0.000 0.000 0.428 0.000 likelihood = 26391.40917747 iter 7
0.067 0.030 0.011 0.456 0.000 0.000 0.427 0.000 likelihood = 26391.40111350 iter 8
0.067 0.029 0.013 0.458 0.000 0.000 0.426 0.000 likelihood = 26391.39098675 iter 9
0.067 0.026 0.016 0.460 0.000 0.000 0.424 0.000 likelihood = 26391.37845171 iter 10
0.067 0.024 0.017 0.461 0.000 0.000 0.423 0.000 likelihood = 26391.37301071 iter 11
0.067 0.024 0.017 0.461 0.000 0.000 0.423 0.000 likelihood = 26391.37252193 iter 12
At iterate 10 f=2.639137e+04 |proj g| = 3.926994e-01
0.067 0.024 0.017 0.461 0.000 0.000 0.423 0.000 likelihood = 26391.37249211 iter 13

	* * *

Tit   = total number of iterations
Tnf   = total number of function evaluations
Tnint = total number of segments explored during Cauchy searches
Skip  = number of BFGS updates skipped
Nact  = number of active bounds at final generalized Cuachy point
Projg = norm of the final projected gradient
F     = final function value

	* * *
N	Tit	Tnf	Tnint	Skip	Nact	Projg	F
8	11	14	15	0	3	7.078567e-01	2.639137e+04
F = 26391.372492
CONVERGENCE: REL_REDUCTION_OF_F_<=_FACTR*EPSMCH             
Cauchy time 0 seconds.
Subspace minimization time 0 seconds.
Line search time 0 seconds.
Total User time 0 seconds.
derivative for 0: 0.066570 bounds:1 [0.000000-1.000000] -0.251534 26391.372492
derivative for 1: 0.023601 bounds:1 [0.000000-1.000000] -0.247300 26391.372492
derivative for 2: 0.017190 bounds:1 [0.000000-1.000000] -0.707857 26391.372492
derivative for 3: 0.460526 bounds:1 [0.000000-1.000000] 0.358497 26391.372492
derivative for 4: 0.000000 bounds:2 [0.000000-0.000000] -92.611364 26391.372492
derivative for 5: 0.000000 bounds:2 [0.000000-0.000000] 41.835791 26391.372492
derivative for 6: 0.423208 bounds:1 [0.000000-1.000000] -0.308000 26391.372492
derivative for 7: 0.000000 bounds:2 [0.000000-0.000000] -15.877873 26391.372492

maxval -26391.372492 for POP MKK delta 1.577919 YRI:0.0672 CHB:0.0238 CHD:0.0173 TSI:0.4647 MKK:0.0000 LWK:0.0000 CEU:0.4270 JPT:0.0000 
contribution of ancestry from pop CHD is not significant: delta 0.108425 admixture_prop 0.017151 5
YRI:0.0433 CHB:0.0393 CHD:0.0000 TSI:0.4544 MKK:0.0346 LWK:0.0000 CEU:0.4284 JPT:0.0000 
RUNNING THE L-BFGS-B CODE

	* * *

Machine precision = 2.220446e-16
 N = 8, M = 20
ITERATION 4
0.000 0.024 0.000 0.465 0.034 0.000 0.427 0.000 likelihood = 26419.57189980 iter 0
At iteration 0 f=26419.571900	|proj g| = 8.991310e+02
0.000 0.564 0.000 0.464 0.876 0.000 0.427 0.000 likelihood = 27405.71215231 iter 1
0.000 0.101 0.000 0.465 0.155 0.000 0.427 0.000 likelihood = 26439.16640252 iter 2
0.000 0.053 0.000 0.465 0.080 0.000 0.427 0.000 likelihood = 26394.90251942 iter 3
0.000 0.051 0.000 0.465 0.080 0.000 0.427 0.000 likelihood = 26394.72258207 iter 4
0.000 0.043 0.000 0.464 0.083 0.000 0.427 0.000 likelihood = 26394.22997969 iter 5
0.000 0.042 0.000 0.464 0.085 0.000 0.428 0.000 likelihood = 26394.18093927 iter 6
0.000 0.042 0.000 0.464 0.086 0.000 0.428 0.000 likelihood = 26394.16989812 iter 7
0.000 0.042 0.000 0.464 0.086 0.000 0.428 0.000 likelihood = 26394.16869590 iter 8
0.000 0.043 0.000 0.462 0.087 0.000 0.430 0.000 likelihood = 26394.15818506 iter 9
0.000 0.043 0.000 0.460 0.087 0.000 0.432 0.000 likelihood = 26394.14522861 iter 10
0.000 0.043 0.000 0.456 0.087 0.000 0.436 0.000 likelihood = 26394.12899778 iter 11
0.000 0.042 0.000 0.